{"G:\\STUDY\\university\\2018WINTER1\\CPSC310\\Assignment\\a2\\src\\controller\\IInsightFacade.js":{"path":"G:\\STUDY\\university\\2018WINTER1\\CPSC310\\Assignment\\a2\\src\\controller\\IInsightFacade.js","statementMap":{"0":{"start":{"line":2,"column":0},"end":{"line":2,"column":62}},"1":{"start":{"line":4,"column":0},"end":{"line":7,"column":89}},"2":{"start":{"line":5,"column":4},"end":{"line":5,"column":46}},"3":{"start":{"line":6,"column":4},"end":{"line":6,"column":42}},"4":{"start":{"line":10,"column":8},"end":{"line":10,"column":23}},"5":{"start":{"line":11,"column":8},"end":{"line":11,"column":52}},"6":{"start":{"line":14,"column":0},"end":{"line":14,"column":36}},"7":{"start":{"line":17,"column":8},"end":{"line":17,"column":23}},"8":{"start":{"line":18,"column":8},"end":{"line":18,"column":53}},"9":{"start":{"line":21,"column":0},"end":{"line":21,"column":38}}},"fnMap":{"0":{"name":"(anonymous_0)","decl":{"start":{"line":4,"column":1},"end":{"line":4,"column":2}},"loc":{"start":{"line":4,"column":31},"end":{"line":7,"column":1}},"line":4},"1":{"name":"(anonymous_1)","decl":{"start":{"line":9,"column":4},"end":{"line":9,"column":5}},"loc":{"start":{"line":9,"column":25},"end":{"line":12,"column":5}},"line":9},"2":{"name":"(anonymous_2)","decl":{"start":{"line":16,"column":4},"end":{"line":16,"column":5}},"loc":{"start":{"line":16,"column":25},"end":{"line":19,"column":5}},"line":16}},"branchMap":{"0":{"loc":{"start":{"line":7,"column":24},"end":{"line":7,"column":87}},"type":"binary-expr","locations":[{"start":{"line":7,"column":24},"end":{"line":7,"column":50}},{"start":{"line":7,"column":55},"end":{"line":7,"column":86}}],"line":7}},"s":{"0":1,"1":1,"2":1,"3":1,"4":102,"5":102,"6":1,"7":3,"8":3,"9":1},"f":{"0":1,"1":102,"2":3},"b":{"0":[1,1]},"_coverageSchema":"332fd63041d2c1bcb487cc26dd0d5f7d97098a6c","hash":"68f02c697ad7d78afa44531aa91d40b1fcd9b260","contentHash":"c2343706185aa61cc28a14865591ff52_11.3.0"},"G:\\STUDY\\university\\2018WINTER1\\CPSC310\\Assignment\\a2\\src\\controller\\InsightFacade.js":{"path":"G:\\STUDY\\university\\2018WINTER1\\CPSC310\\Assignment\\a2\\src\\controller\\InsightFacade.js","statementMap":{"0":{"start":{"line":2,"column":0},"end":{"line":2,"column":62}},"1":{"start":{"line":3,"column":15},"end":{"line":3,"column":33}},"2":{"start":{"line":4,"column":25},"end":{"line":4,"column":52}},"3":{"start":{"line":5,"column":29},"end":{"line":5,"column":60}},"4":{"start":{"line":6,"column":24},"end":{"line":6,"column":50}},"5":{"start":{"line":9,"column":8},"end":{"line":9,"column":28}},"6":{"start":{"line":10,"column":8},"end":{"line":10,"column":58}},"7":{"start":{"line":11,"column":8},"end":{"line":11,"column":38}},"8":{"start":{"line":14,"column":8},"end":{"line":42,"column":11}},"9":{"start":{"line":15,"column":29},"end":{"line":15,"column":64}},"10":{"start":{"line":16,"column":12},"end":{"line":19,"column":13}},"11":{"start":{"line":17,"column":24},"end":{"line":17,"column":88}},"12":{"start":{"line":18,"column":16},"end":{"line":18,"column":33}},"13":{"start":{"line":20,"column":12},"end":{"line":25,"column":13}},"14":{"start":{"line":21,"column":16},"end":{"line":24,"column":17}},"15":{"start":{"line":22,"column":28},"end":{"line":22,"column":88}},"16":{"start":{"line":23,"column":20},"end":{"line":23,"column":37}},"17":{"start":{"line":26,"column":12},"end":{"line":41,"column":13}},"18":{"start":{"line":27,"column":16},"end":{"line":32,"column":19}},"19":{"start":{"line":29,"column":20},"end":{"line":29,"column":45}},"20":{"start":{"line":31,"column":20},"end":{"line":31,"column":44}},"21":{"start":{"line":34,"column":17},"end":{"line":41,"column":13}},"22":{"start":{"line":35,"column":16},"end":{"line":40,"column":19}},"23":{"start":{"line":37,"column":20},"end":{"line":37,"column":45}},"24":{"start":{"line":39,"column":20},"end":{"line":39,"column":44}},"25":{"start":{"line":45,"column":8},"end":{"line":71,"column":11}},"26":{"start":{"line":46,"column":12},"end":{"line":49,"column":13}},"27":{"start":{"line":47,"column":24},"end":{"line":47,"column":82}},"28":{"start":{"line":48,"column":16},"end":{"line":48,"column":26}},"29":{"start":{"line":50,"column":27},"end":{"line":50,"column":29}},"30":{"start":{"line":51,"column":12},"end":{"line":55,"column":13}},"31":{"start":{"line":52,"column":16},"end":{"line":54,"column":17}},"32":{"start":{"line":53,"column":20},"end":{"line":53,"column":39}},"33":{"start":{"line":56,"column":12},"end":{"line":59,"column":13}},"34":{"start":{"line":57,"column":24},"end":{"line":57,"column":75}},"35":{"start":{"line":58,"column":16},"end":{"line":58,"column":26}},"36":{"start":{"line":60,"column":12},"end":{"line":60,"column":38}},"37":{"start":{"line":61,"column":12},"end":{"line":61,"column":41}},"38":{"start":{"line":62,"column":23},"end":{"line":62,"column":36}},"39":{"start":{"line":63,"column":12},"end":{"line":70,"column":15}},"40":{"start":{"line":64,"column":16},"end":{"line":69,"column":17}},"41":{"start":{"line":65,"column":20},"end":{"line":65,"column":63}},"42":{"start":{"line":68,"column":20},"end":{"line":68,"column":39}},"43":{"start":{"line":74,"column":23},"end":{"line":74,"column":70}},"44":{"start":{"line":75,"column":22},"end":{"line":75,"column":24}},"45":{"start":{"line":76,"column":8},"end":{"line":99,"column":11}},"46":{"start":{"line":77,"column":12},"end":{"line":98,"column":13}},"47":{"start":{"line":78,"column":16},"end":{"line":93,"column":17}},"48":{"start":{"line":79,"column":33},"end":{"line":79,"column":46}},"49":{"start":{"line":80,"column":20},"end":{"line":86,"column":21}},"50":{"start":{"line":81,"column":35},"end":{"line":81,"column":48}},"51":{"start":{"line":82,"column":46},"end":{"line":82,"column":99}},"52":{"start":{"line":83,"column":37},"end":{"line":83,"column":62}},"53":{"start":{"line":84,"column":24},"end":{"line":84,"column":52}},"54":{"start":{"line":85,"column":24},"end":{"line":85,"column":60}},"55":{"start":{"line":87,"column":29},"end":{"line":87,"column":58}},"56":{"start":{"line":88,"column":33},"end":{"line":88,"column":63}},"57":{"start":{"line":89,"column":20},"end":{"line":89,"column":74}},"58":{"start":{"line":92,"column":20},"end":{"line":92,"column":96}},"59":{"start":{"line":94,"column":16},"end":{"line":94,"column":40}},"60":{"start":{"line":97,"column":16},"end":{"line":97,"column":87}},"61":{"start":{"line":102,"column":24},"end":{"line":102,"column":26}},"62":{"start":{"line":103,"column":8},"end":{"line":113,"column":11}},"63":{"start":{"line":104,"column":12},"end":{"line":111,"column":13}},"64":{"start":{"line":105,"column":26},"end":{"line":109,"column":17}},"65":{"start":{"line":110,"column":16},"end":{"line":110,"column":36}},"66":{"start":{"line":112,"column":12},"end":{"line":112,"column":38}},"67":{"start":{"line":116,"column":0},"end":{"line":116,"column":32}}},"fnMap":{"0":{"name":"(anonymous_0)","decl":{"start":{"line":8,"column":4},"end":{"line":8,"column":5}},"loc":{"start":{"line":8,"column":18},"end":{"line":12,"column":5}},"line":8},"1":{"name":"(anonymous_1)","decl":{"start":{"line":13,"column":4},"end":{"line":13,"column":5}},"loc":{"start":{"line":13,"column":34},"end":{"line":43,"column":5}},"line":13},"2":{"name":"(anonymous_2)","decl":{"start":{"line":14,"column":27},"end":{"line":14,"column":28}},"loc":{"start":{"line":14,"column":48},"end":{"line":42,"column":9}},"line":14},"3":{"name":"(anonymous_3)","decl":{"start":{"line":28,"column":26},"end":{"line":28,"column":27}},"loc":{"start":{"line":28,"column":40},"end":{"line":30,"column":17}},"line":28},"4":{"name":"(anonymous_4)","decl":{"start":{"line":30,"column":19},"end":{"line":30,"column":20}},"loc":{"start":{"line":30,"column":33},"end":{"line":32,"column":17}},"line":30},"5":{"name":"(anonymous_5)","decl":{"start":{"line":36,"column":26},"end":{"line":36,"column":27}},"loc":{"start":{"line":36,"column":40},"end":{"line":38,"column":17}},"line":36},"6":{"name":"(anonymous_6)","decl":{"start":{"line":38,"column":19},"end":{"line":38,"column":20}},"loc":{"start":{"line":38,"column":33},"end":{"line":40,"column":17}},"line":38},"7":{"name":"(anonymous_7)","decl":{"start":{"line":44,"column":4},"end":{"line":44,"column":5}},"loc":{"start":{"line":44,"column":22},"end":{"line":72,"column":5}},"line":44},"8":{"name":"(anonymous_8)","decl":{"start":{"line":45,"column":27},"end":{"line":45,"column":28}},"loc":{"start":{"line":45,"column":48},"end":{"line":71,"column":9}},"line":45},"9":{"name":"(anonymous_9)","decl":{"start":{"line":63,"column":48},"end":{"line":63,"column":49}},"loc":{"start":{"line":63,"column":57},"end":{"line":70,"column":13}},"line":63},"10":{"name":"(anonymous_10)","decl":{"start":{"line":73,"column":4},"end":{"line":73,"column":5}},"loc":{"start":{"line":73,"column":24},"end":{"line":100,"column":5}},"line":73},"11":{"name":"(anonymous_11)","decl":{"start":{"line":76,"column":27},"end":{"line":76,"column":28}},"loc":{"start":{"line":76,"column":48},"end":{"line":99,"column":9}},"line":76},"12":{"name":"(anonymous_12)","decl":{"start":{"line":101,"column":4},"end":{"line":101,"column":5}},"loc":{"start":{"line":101,"column":19},"end":{"line":114,"column":5}},"line":101},"13":{"name":"(anonymous_13)","decl":{"start":{"line":103,"column":27},"end":{"line":103,"column":28}},"loc":{"start":{"line":103,"column":40},"end":{"line":113,"column":9}},"line":103}},"branchMap":{"0":{"loc":{"start":{"line":16,"column":12},"end":{"line":19,"column":13}},"type":"if","locations":[{"start":{"line":16,"column":12},"end":{"line":19,"column":13}},{"start":{"line":16,"column":12},"end":{"line":19,"column":13}}],"line":16},"1":{"loc":{"start":{"line":16,"column":16},"end":{"line":16,"column":60}},"type":"binary-expr","locations":[{"start":{"line":16,"column":16},"end":{"line":16,"column":25}},{"start":{"line":16,"column":29},"end":{"line":16,"column":40}},{"start":{"line":16,"column":44},"end":{"line":16,"column":60}}],"line":16},"2":{"loc":{"start":{"line":21,"column":16},"end":{"line":24,"column":17}},"type":"if","locations":[{"start":{"line":21,"column":16},"end":{"line":24,"column":17}},{"start":{"line":21,"column":16},"end":{"line":24,"column":17}}],"line":21},"3":{"loc":{"start":{"line":26,"column":12},"end":{"line":41,"column":13}},"type":"if","locations":[{"start":{"line":26,"column":12},"end":{"line":41,"column":13}},{"start":{"line":26,"column":12},"end":{"line":41,"column":13}}],"line":26},"4":{"loc":{"start":{"line":34,"column":17},"end":{"line":41,"column":13}},"type":"if","locations":[{"start":{"line":34,"column":17},"end":{"line":41,"column":13}},{"start":{"line":34,"column":17},"end":{"line":41,"column":13}}],"line":34},"5":{"loc":{"start":{"line":46,"column":12},"end":{"line":49,"column":13}},"type":"if","locations":[{"start":{"line":46,"column":12},"end":{"line":49,"column":13}},{"start":{"line":46,"column":12},"end":{"line":49,"column":13}}],"line":46},"6":{"loc":{"start":{"line":46,"column":16},"end":{"line":46,"column":60}},"type":"binary-expr","locations":[{"start":{"line":46,"column":16},"end":{"line":46,"column":25}},{"start":{"line":46,"column":29},"end":{"line":46,"column":40}},{"start":{"line":46,"column":44},"end":{"line":46,"column":60}}],"line":46},"7":{"loc":{"start":{"line":52,"column":16},"end":{"line":54,"column":17}},"type":"if","locations":[{"start":{"line":52,"column":16},"end":{"line":54,"column":17}},{"start":{"line":52,"column":16},"end":{"line":54,"column":17}}],"line":52},"8":{"loc":{"start":{"line":56,"column":12},"end":{"line":59,"column":13}},"type":"if","locations":[{"start":{"line":56,"column":12},"end":{"line":59,"column":13}},{"start":{"line":56,"column":12},"end":{"line":59,"column":13}}],"line":56},"9":{"loc":{"start":{"line":64,"column":16},"end":{"line":69,"column":17}},"type":"if","locations":[{"start":{"line":64,"column":16},"end":{"line":69,"column":17}},{"start":{"line":64,"column":16},"end":{"line":69,"column":17}}],"line":64},"10":{"loc":{"start":{"line":77,"column":12},"end":{"line":98,"column":13}},"type":"if","locations":[{"start":{"line":77,"column":12},"end":{"line":98,"column":13}},{"start":{"line":77,"column":12},"end":{"line":98,"column":13}}],"line":77},"11":{"loc":{"start":{"line":80,"column":20},"end":{"line":86,"column":21}},"type":"if","locations":[{"start":{"line":80,"column":20},"end":{"line":86,"column":21}},{"start":{"line":80,"column":20},"end":{"line":86,"column":21}}],"line":80}},"s":{"0":1,"1":1,"2":1,"3":1,"4":1,"5":2,"6":2,"7":2,"8":22,"9":22,"10":22,"11":2,"12":2,"13":20,"14":29,"15":0,"16":0,"17":20,"18":18,"19":7,"20":11,"21":2,"22":2,"23":0,"24":2,"25":4,"26":4,"27":2,"28":2,"29":4,"30":4,"31":13,"32":12,"33":4,"34":3,"35":3,"36":4,"37":4,"38":4,"39":4,"40":4,"41":3,"42":1,"43":117,"44":117,"45":117,"46":117,"47":38,"48":38,"49":38,"50":1,"51":1,"52":1,"53":1,"54":1,"55":38,"56":38,"57":38,"58":2,"59":36,"60":79,"61":6,"62":6,"63":6,"64":17,"65":17,"66":6,"67":1},"f":{"0":2,"1":22,"2":22,"3":7,"4":11,"5":0,"6":2,"7":4,"8":4,"9":4,"10":117,"11":117,"12":6,"13":6},"b":{"0":[2,20],"1":[22,21,20],"2":[0,29],"3":[18,2],"4":[2,0],"5":[2,2],"6":[4,3,2],"7":[12,1],"8":[3,1],"9":[3,1],"10":[38,79],"11":[1,37]},"_coverageSchema":"332fd63041d2c1bcb487cc26dd0d5f7d97098a6c","hash":"e9d10db0da7aa2f34de9c9a51896bfd0c649499e","contentHash":"e37950f9a586ca7c11e51a8773267cdc_11.3.0"},"G:\\STUDY\\university\\2018WINTER1\\CPSC310\\Assignment\\a2\\src\\Util.js":{"path":"G:\\STUDY\\university\\2018WINTER1\\CPSC310\\Assignment\\a2\\src\\Util.js","statementMap":{"0":{"start":{"line":2,"column":0},"end":{"line":2,"column":62}},"1":{"start":{"line":3,"column":15},"end":{"line":3,"column":32}},"2":{"start":{"line":4,"column":0},"end":{"line":4,"column":16}},"3":{"start":{"line":6,"column":0},"end":{"line":13,"column":32}},"4":{"start":{"line":7,"column":4},"end":{"line":7,"column":46}},"5":{"start":{"line":8,"column":4},"end":{"line":8,"column":44}},"6":{"start":{"line":9,"column":4},"end":{"line":9,"column":44}},"7":{"start":{"line":10,"column":4},"end":{"line":10,"column":46}},"8":{"start":{"line":11,"column":4},"end":{"line":11,"column":44}},"9":{"start":{"line":12,"column":4},"end":{"line":12,"column":44}},"10":{"start":{"line":15,"column":0},"end":{"line":36,"column":1}},"11":{"start":{"line":17,"column":8},"end":{"line":17,"column":35}},"12":{"start":{"line":18,"column":8},"end":{"line":18,"column":14}},"13":{"start":{"line":20,"column":8},"end":{"line":20,"column":34}},"14":{"start":{"line":21,"column":8},"end":{"line":21,"column":14}},"15":{"start":{"line":23,"column":8},"end":{"line":23,"column":34}},"16":{"start":{"line":24,"column":8},"end":{"line":24,"column":14}},"17":{"start":{"line":26,"column":8},"end":{"line":26,"column":35}},"18":{"start":{"line":27,"column":8},"end":{"line":27,"column":14}},"19":{"start":{"line":29,"column":8},"end":{"line":29,"column":34}},"20":{"start":{"line":30,"column":8},"end":{"line":30,"column":14}},"21":{"start":{"line":32,"column":8},"end":{"line":32,"column":34}},"22":{"start":{"line":33,"column":8},"end":{"line":33,"column":14}},"23":{"start":{"line":35,"column":8},"end":{"line":35,"column":35}},"24":{"start":{"line":39,"column":8},"end":{"line":41,"column":9}},"25":{"start":{"line":40,"column":12},"end":{"line":40,"column":70}},"26":{"start":{"line":44,"column":8},"end":{"line":46,"column":9}},"27":{"start":{"line":45,"column":12},"end":{"line":45,"column":71}},"28":{"start":{"line":49,"column":8},"end":{"line":51,"column":9}},"29":{"start":{"line":50,"column":12},"end":{"line":50,"column":71}},"30":{"start":{"line":54,"column":8},"end":{"line":56,"column":9}},"31":{"start":{"line":55,"column":12},"end":{"line":55,"column":72}},"32":{"start":{"line":59,"column":8},"end":{"line":61,"column":9}},"33":{"start":{"line":60,"column":12},"end":{"line":60,"column":70}},"34":{"start":{"line":64,"column":0},"end":{"line":64,"column":22}},"35":{"start":{"line":65,"column":0},"end":{"line":65,"column":22}}},"fnMap":{"0":{"name":"(anonymous_0)","decl":{"start":{"line":6,"column":1},"end":{"line":6,"column":2}},"loc":{"start":{"line":6,"column":21},"end":{"line":13,"column":1}},"line":6},"1":{"name":"(anonymous_1)","decl":{"start":{"line":38,"column":4},"end":{"line":38,"column":5}},"loc":{"start":{"line":38,"column":22},"end":{"line":42,"column":5}},"line":38},"2":{"name":"(anonymous_2)","decl":{"start":{"line":43,"column":4},"end":{"line":43,"column":5}},"loc":{"start":{"line":43,"column":21},"end":{"line":47,"column":5}},"line":43},"3":{"name":"(anonymous_3)","decl":{"start":{"line":48,"column":4},"end":{"line":48,"column":5}},"loc":{"start":{"line":48,"column":21},"end":{"line":52,"column":5}},"line":48},"4":{"name":"(anonymous_4)","decl":{"start":{"line":53,"column":4},"end":{"line":53,"column":5}},"loc":{"start":{"line":53,"column":22},"end":{"line":57,"column":5}},"line":53},"5":{"name":"(anonymous_5)","decl":{"start":{"line":58,"column":4},"end":{"line":58,"column":5}},"loc":{"start":{"line":58,"column":21},"end":{"line":62,"column":5}},"line":58}},"branchMap":{"0":{"loc":{"start":{"line":13,"column":3},"end":{"line":13,"column":30}},"type":"binary-expr","locations":[{"start":{"line":13,"column":3},"end":{"line":13,"column":11}},{"start":{"line":13,"column":16},"end":{"line":13,"column":29}}],"line":13},"1":{"loc":{"start":{"line":15,"column":0},"end":{"line":36,"column":1}},"type":"switch","locations":[{"start":{"line":16,"column":4},"end":{"line":18,"column":14}},{"start":{"line":19,"column":4},"end":{"line":21,"column":14}},{"start":{"line":22,"column":4},"end":{"line":24,"column":14}},{"start":{"line":25,"column":4},"end":{"line":27,"column":14}},{"start":{"line":28,"column":4},"end":{"line":30,"column":14}},{"start":{"line":31,"column":4},"end":{"line":33,"column":14}},{"start":{"line":34,"column":4},"end":{"line":35,"column":35}}],"line":15},"2":{"loc":{"start":{"line":15,"column":9},"end":{"line":15,"column":39}},"type":"binary-expr","locations":[{"start":{"line":15,"column":9},"end":{"line":15,"column":33}},{"start":{"line":15,"column":37},"end":{"line":15,"column":39}}],"line":15},"3":{"loc":{"start":{"line":39,"column":8},"end":{"line":41,"column":9}},"type":"if","locations":[{"start":{"line":39,"column":8},"end":{"line":41,"column":9}},{"start":{"line":39,"column":8},"end":{"line":41,"column":9}}],"line":39},"4":{"loc":{"start":{"line":44,"column":8},"end":{"line":46,"column":9}},"type":"if","locations":[{"start":{"line":44,"column":8},"end":{"line":46,"column":9}},{"start":{"line":44,"column":8},"end":{"line":46,"column":9}}],"line":44},"5":{"loc":{"start":{"line":49,"column":8},"end":{"line":51,"column":9}},"type":"if","locations":[{"start":{"line":49,"column":8},"end":{"line":51,"column":9}},{"start":{"line":49,"column":8},"end":{"line":51,"column":9}}],"line":49},"6":{"loc":{"start":{"line":54,"column":8},"end":{"line":56,"column":9}},"type":"if","locations":[{"start":{"line":54,"column":8},"end":{"line":56,"column":9}},{"start":{"line":54,"column":8},"end":{"line":56,"column":9}}],"line":54},"7":{"loc":{"start":{"line":59,"column":8},"end":{"line":61,"column":9}},"type":"if","locations":[{"start":{"line":59,"column":8},"end":{"line":61,"column":9}},{"start":{"line":59,"column":8},"end":{"line":61,"column":9}}],"line":59}},"s":{"0":1,"1":1,"2":1,"3":1,"4":1,"5":1,"6":1,"7":1,"8":1,"9":1,"10":1,"11":0,"12":0,"13":0,"14":0,"15":0,"16":0,"17":0,"18":0,"19":0,"20":0,"21":0,"22":0,"23":1,"24":2,"25":2,"26":0,"27":0,"28":0,"29":0,"30":0,"31":0,"32":66,"33":66,"34":1,"35":1},"f":{"0":1,"1":2,"2":0,"3":0,"4":0,"5":66},"b":{"0":[1,1],"1":[0,0,0,0,0,0,1],"2":[1,1],"3":[2,0],"4":[0,0],"5":[0,0],"6":[0,0],"7":[66,0]},"_coverageSchema":"332fd63041d2c1bcb487cc26dd0d5f7d97098a6c","hash":"392d88ab7424289c90ba3ac6b48a60e9389b0fc5","contentHash":"d4a8436d1a62718820e7ca470a1f1891_11.3.0"},"G:\\STUDY\\university\\2018WINTER1\\CPSC310\\Assignment\\a2\\src\\controller\\PerformQueryHelper.js":{"path":"G:\\STUDY\\university\\2018WINTER1\\CPSC310\\Assignment\\a2\\src\\controller\\PerformQueryHelper.js","statementMap":{"0":{"start":{"line":2,"column":0},"end":{"line":2,"column":62}},"1":{"start":{"line":3,"column":25},"end":{"line":3,"column":52}},"2":{"start":{"line":5,"column":0},"end":{"line":14,"column":40}},"3":{"start":{"line":6,"column":4},"end":{"line":6,"column":32}},"4":{"start":{"line":7,"column":4},"end":{"line":7,"column":34}},"5":{"start":{"line":8,"column":4},"end":{"line":8,"column":34}},"6":{"start":{"line":9,"column":4},"end":{"line":9,"column":36}},"7":{"start":{"line":10,"column":4},"end":{"line":10,"column":34}},"8":{"start":{"line":11,"column":4},"end":{"line":11,"column":32}},"9":{"start":{"line":12,"column":4},"end":{"line":12,"column":32}},"10":{"start":{"line":13,"column":4},"end":{"line":13,"column":36}},"11":{"start":{"line":16,"column":0},"end":{"line":30,"column":40}},"12":{"start":{"line":17,"column":4},"end":{"line":17,"column":34}},"13":{"start":{"line":18,"column":4},"end":{"line":18,"column":30}},"14":{"start":{"line":19,"column":4},"end":{"line":19,"column":46}},"15":{"start":{"line":20,"column":4},"end":{"line":20,"column":36}},"16":{"start":{"line":21,"column":4},"end":{"line":21,"column":34}},"17":{"start":{"line":22,"column":4},"end":{"line":22,"column":42}},"18":{"start":{"line":23,"column":4},"end":{"line":23,"column":44}},"19":{"start":{"line":24,"column":4},"end":{"line":24,"column":38}},"20":{"start":{"line":25,"column":4},"end":{"line":25,"column":34}},"21":{"start":{"line":26,"column":4},"end":{"line":26,"column":40}},"22":{"start":{"line":27,"column":4},"end":{"line":27,"column":34}},"23":{"start":{"line":28,"column":4},"end":{"line":28,"column":44}},"24":{"start":{"line":29,"column":4},"end":{"line":29,"column":34}},"25":{"start":{"line":32,"column":0},"end":{"line":43,"column":34}},"26":{"start":{"line":33,"column":4},"end":{"line":33,"column":31}},"27":{"start":{"line":34,"column":4},"end":{"line":34,"column":27}},"28":{"start":{"line":35,"column":4},"end":{"line":35,"column":29}},"29":{"start":{"line":36,"column":4},"end":{"line":36,"column":43}},"30":{"start":{"line":37,"column":4},"end":{"line":37,"column":33}},"31":{"start":{"line":38,"column":4},"end":{"line":38,"column":31}},"32":{"start":{"line":39,"column":4},"end":{"line":39,"column":31}},"33":{"start":{"line":40,"column":4},"end":{"line":40,"column":33}},"34":{"start":{"line":41,"column":4},"end":{"line":41,"column":31}},"35":{"start":{"line":42,"column":4},"end":{"line":42,"column":31}},"36":{"start":{"line":45,"column":0},"end":{"line":57,"column":30}},"37":{"start":{"line":46,"column":4},"end":{"line":46,"column":37}},"38":{"start":{"line":47,"column":4},"end":{"line":47,"column":39}},"39":{"start":{"line":48,"column":4},"end":{"line":48,"column":33}},"40":{"start":{"line":49,"column":4},"end":{"line":49,"column":29}},"41":{"start":{"line":50,"column":4},"end":{"line":50,"column":35}},"42":{"start":{"line":51,"column":4},"end":{"line":51,"column":27}},"43":{"start":{"line":52,"column":4},"end":{"line":52,"column":27}},"44":{"start":{"line":53,"column":4},"end":{"line":53,"column":31}},"45":{"start":{"line":54,"column":4},"end":{"line":54,"column":29}},"46":{"start":{"line":55,"column":4},"end":{"line":55,"column":39}},"47":{"start":{"line":56,"column":4},"end":{"line":56,"column":29}},"48":{"start":{"line":59,"column":0},"end":{"line":63,"column":42}},"49":{"start":{"line":60,"column":4},"end":{"line":60,"column":33}},"50":{"start":{"line":61,"column":4},"end":{"line":61,"column":33}},"51":{"start":{"line":62,"column":4},"end":{"line":62,"column":37}},"52":{"start":{"line":65,"column":0},"end":{"line":71,"column":36}},"53":{"start":{"line":66,"column":4},"end":{"line":66,"column":46}},"54":{"start":{"line":67,"column":4},"end":{"line":67,"column":46}},"55":{"start":{"line":68,"column":4},"end":{"line":68,"column":46}},"56":{"start":{"line":69,"column":4},"end":{"line":69,"column":50}},"57":{"start":{"line":70,"column":4},"end":{"line":70,"column":46}},"58":{"start":{"line":73,"column":0},"end":{"line":79,"column":34}},"59":{"start":{"line":74,"column":4},"end":{"line":74,"column":31}},"60":{"start":{"line":75,"column":4},"end":{"line":75,"column":27}},"61":{"start":{"line":76,"column":4},"end":{"line":76,"column":43}},"62":{"start":{"line":77,"column":4},"end":{"line":77,"column":33}},"63":{"start":{"line":78,"column":4},"end":{"line":78,"column":31}},"64":{"start":{"line":81,"column":0},"end":{"line":87,"column":34}},"65":{"start":{"line":82,"column":4},"end":{"line":82,"column":29}},"66":{"start":{"line":83,"column":4},"end":{"line":83,"column":31}},"67":{"start":{"line":84,"column":4},"end":{"line":84,"column":31}},"68":{"start":{"line":85,"column":4},"end":{"line":85,"column":33}},"69":{"start":{"line":86,"column":4},"end":{"line":86,"column":31}},"70":{"start":{"line":90,"column":8},"end":{"line":90,"column":25}},"71":{"start":{"line":91,"column":8},"end":{"line":91,"column":31}},"72":{"start":{"line":92,"column":8},"end":{"line":92,"column":28}},"73":{"start":{"line":93,"column":8},"end":{"line":93,"column":27}},"74":{"start":{"line":94,"column":8},"end":{"line":94,"column":46}},"75":{"start":{"line":95,"column":8},"end":{"line":95,"column":31}},"76":{"start":{"line":96,"column":8},"end":{"line":96,"column":25}},"77":{"start":{"line":99,"column":8},"end":{"line":144,"column":9}},"78":{"start":{"line":100,"column":12},"end":{"line":102,"column":13}},"79":{"start":{"line":101,"column":16},"end":{"line":101,"column":29}},"80":{"start":{"line":103,"column":28},"end":{"line":103,"column":44}},"81":{"start":{"line":104,"column":26},"end":{"line":104,"column":40}},"82":{"start":{"line":105,"column":12},"end":{"line":109,"column":13}},"83":{"start":{"line":106,"column":16},"end":{"line":108,"column":17}},"84":{"start":{"line":107,"column":20},"end":{"line":107,"column":33}},"85":{"start":{"line":110,"column":12},"end":{"line":119,"column":13}},"86":{"start":{"line":111,"column":16},"end":{"line":111,"column":38}},"87":{"start":{"line":112,"column":40},"end":{"line":112,"column":64}},"88":{"start":{"line":113,"column":16},"end":{"line":115,"column":17}},"89":{"start":{"line":114,"column":20},"end":{"line":114,"column":33}},"90":{"start":{"line":116,"column":16},"end":{"line":118,"column":17}},"91":{"start":{"line":117,"column":20},"end":{"line":117,"column":33}},"92":{"start":{"line":120,"column":12},"end":{"line":122,"column":13}},"93":{"start":{"line":121,"column":16},"end":{"line":121,"column":29}},"94":{"start":{"line":123,"column":12},"end":{"line":140,"column":13}},"95":{"start":{"line":126,"column":16},"end":{"line":126,"column":29}},"96":{"start":{"line":129,"column":16},"end":{"line":133,"column":17}},"97":{"start":{"line":130,"column":20},"end":{"line":132,"column":21}},"98":{"start":{"line":131,"column":24},"end":{"line":131,"column":37}},"99":{"start":{"line":134,"column":16},"end":{"line":139,"column":17}},"100":{"start":{"line":135,"column":20},"end":{"line":135,"column":33}},"101":{"start":{"line":138,"column":20},"end":{"line":138,"column":52}},"102":{"start":{"line":143,"column":12},"end":{"line":143,"column":25}},"103":{"start":{"line":147,"column":22},"end":{"line":147,"column":24}},"104":{"start":{"line":148,"column":8},"end":{"line":165,"column":9}},"105":{"start":{"line":149,"column":12},"end":{"line":149,"column":35}},"106":{"start":{"line":150,"column":12},"end":{"line":150,"column":29}},"107":{"start":{"line":151,"column":12},"end":{"line":151,"column":55}},"108":{"start":{"line":152,"column":12},"end":{"line":154,"column":13}},"109":{"start":{"line":153,"column":16},"end":{"line":153,"column":87}},"110":{"start":{"line":155,"column":12},"end":{"line":155,"column":67}},"111":{"start":{"line":156,"column":12},"end":{"line":161,"column":13}},"112":{"start":{"line":157,"column":16},"end":{"line":157,"column":66}},"113":{"start":{"line":160,"column":16},"end":{"line":160,"column":31}},"114":{"start":{"line":164,"column":12},"end":{"line":164,"column":77}},"115":{"start":{"line":168,"column":22},"end":{"line":168,"column":24}},"116":{"start":{"line":169,"column":28},"end":{"line":169,"column":46}},"117":{"start":{"line":170,"column":8},"end":{"line":172,"column":9}},"118":{"start":{"line":171,"column":12},"end":{"line":171,"column":32}},"119":{"start":{"line":173,"column":8},"end":{"line":179,"column":9}},"120":{"start":{"line":174,"column":12},"end":{"line":178,"column":13}},"121":{"start":{"line":175,"column":16},"end":{"line":177,"column":17}},"122":{"start":{"line":176,"column":20},"end":{"line":176,"column":41}},"123":{"start":{"line":180,"column":8},"end":{"line":187,"column":9}},"124":{"start":{"line":181,"column":12},"end":{"line":186,"column":13}},"125":{"start":{"line":182,"column":16},"end":{"line":182,"column":74}},"126":{"start":{"line":185,"column":16},"end":{"line":185,"column":82}},"127":{"start":{"line":188,"column":8},"end":{"line":188,"column":23}},"128":{"start":{"line":191,"column":8},"end":{"line":201,"column":11}},"129":{"start":{"line":192,"column":12},"end":{"line":200,"column":13}},"130":{"start":{"line":193,"column":16},"end":{"line":193,"column":25}},"131":{"start":{"line":195,"column":17},"end":{"line":200,"column":13}},"132":{"start":{"line":196,"column":16},"end":{"line":196,"column":26}},"133":{"start":{"line":199,"column":16},"end":{"line":199,"column":25}},"134":{"start":{"line":202,"column":8},"end":{"line":202,"column":26}},"135":{"start":{"line":205,"column":24},"end":{"line":205,"column":35}},"136":{"start":{"line":206,"column":24},"end":{"line":206,"column":36}},"137":{"start":{"line":207,"column":8},"end":{"line":236,"column":9}},"138":{"start":{"line":208,"column":12},"end":{"line":220,"column":13}},"139":{"start":{"line":209,"column":16},"end":{"line":219,"column":19}},"140":{"start":{"line":210,"column":20},"end":{"line":218,"column":21}},"141":{"start":{"line":211,"column":24},"end":{"line":211,"column":33}},"142":{"start":{"line":213,"column":25},"end":{"line":218,"column":21}},"143":{"start":{"line":214,"column":24},"end":{"line":214,"column":34}},"144":{"start":{"line":217,"column":24},"end":{"line":217,"column":33}},"145":{"start":{"line":223,"column":12},"end":{"line":235,"column":13}},"146":{"start":{"line":224,"column":16},"end":{"line":234,"column":19}},"147":{"start":{"line":225,"column":20},"end":{"line":233,"column":21}},"148":{"start":{"line":226,"column":24},"end":{"line":226,"column":34}},"149":{"start":{"line":228,"column":25},"end":{"line":233,"column":21}},"150":{"start":{"line":229,"column":24},"end":{"line":229,"column":33}},"151":{"start":{"line":232,"column":24},"end":{"line":232,"column":33}},"152":{"start":{"line":237,"column":8},"end":{"line":237,"column":26}},"153":{"start":{"line":240,"column":22},"end":{"line":240,"column":24}},"154":{"start":{"line":241,"column":8},"end":{"line":260,"column":9}},"155":{"start":{"line":242,"column":12},"end":{"line":242,"column":40}},"156":{"start":{"line":244,"column":13},"end":{"line":260,"column":9}},"157":{"start":{"line":247,"column":12},"end":{"line":247,"column":52}},"158":{"start":{"line":249,"column":13},"end":{"line":260,"column":9}},"159":{"start":{"line":250,"column":12},"end":{"line":250,"column":44}},"160":{"start":{"line":252,"column":13},"end":{"line":260,"column":9}},"161":{"start":{"line":253,"column":12},"end":{"line":253,"column":49}},"162":{"start":{"line":255,"column":13},"end":{"line":260,"column":9}},"163":{"start":{"line":256,"column":12},"end":{"line":256,"column":43}},"164":{"start":{"line":259,"column":12},"end":{"line":259,"column":43}},"165":{"start":{"line":261,"column":8},"end":{"line":261,"column":23}},"166":{"start":{"line":264,"column":22},"end":{"line":264,"column":24}},"167":{"start":{"line":265,"column":17},"end":{"line":265,"column":34}},"168":{"start":{"line":266,"column":28},"end":{"line":266,"column":49}},"169":{"start":{"line":267,"column":34},"end":{"line":267,"column":52}},"170":{"start":{"line":268,"column":24},"end":{"line":268,"column":57}},"171":{"start":{"line":269,"column":27},"end":{"line":269,"column":55}},"172":{"start":{"line":270,"column":8},"end":{"line":292,"column":9}},"173":{"start":{"line":272,"column":16},"end":{"line":276,"column":17}},"174":{"start":{"line":273,"column":20},"end":{"line":275,"column":21}},"175":{"start":{"line":274,"column":24},"end":{"line":274,"column":50}},"176":{"start":{"line":277,"column":16},"end":{"line":277,"column":22}},"177":{"start":{"line":279,"column":16},"end":{"line":283,"column":17}},"178":{"start":{"line":280,"column":20},"end":{"line":282,"column":21}},"179":{"start":{"line":281,"column":24},"end":{"line":281,"column":50}},"180":{"start":{"line":284,"column":16},"end":{"line":284,"column":22}},"181":{"start":{"line":286,"column":16},"end":{"line":290,"column":17}},"182":{"start":{"line":287,"column":20},"end":{"line":289,"column":21}},"183":{"start":{"line":288,"column":24},"end":{"line":288,"column":50}},"184":{"start":{"line":291,"column":16},"end":{"line":291,"column":22}},"185":{"start":{"line":293,"column":8},"end":{"line":293,"column":23}},"186":{"start":{"line":296,"column":22},"end":{"line":296,"column":39}},"187":{"start":{"line":297,"column":18},"end":{"line":297,"column":31}},"188":{"start":{"line":298,"column":8},"end":{"line":300,"column":9}},"189":{"start":{"line":299,"column":12},"end":{"line":299,"column":84}},"190":{"start":{"line":301,"column":8},"end":{"line":301,"column":23}},"191":{"start":{"line":304,"column":22},"end":{"line":304,"column":24}},"192":{"start":{"line":305,"column":21},"end":{"line":305,"column":30}},"193":{"start":{"line":306,"column":8},"end":{"line":308,"column":9}},"194":{"start":{"line":307,"column":12},"end":{"line":307,"column":34}},"195":{"start":{"line":309,"column":8},"end":{"line":313,"column":9}},"196":{"start":{"line":310,"column":12},"end":{"line":312,"column":13}},"197":{"start":{"line":311,"column":16},"end":{"line":311,"column":38}},"198":{"start":{"line":314,"column":8},"end":{"line":314,"column":23}},"199":{"start":{"line":317,"column":22},"end":{"line":317,"column":24}},"200":{"start":{"line":318,"column":25},"end":{"line":318,"column":34}},"201":{"start":{"line":319,"column":8},"end":{"line":321,"column":9}},"202":{"start":{"line":320,"column":12},"end":{"line":320,"column":38}},"203":{"start":{"line":322,"column":8},"end":{"line":324,"column":9}},"204":{"start":{"line":323,"column":12},"end":{"line":323,"column":34}},"205":{"start":{"line":325,"column":8},"end":{"line":327,"column":9}},"206":{"start":{"line":326,"column":12},"end":{"line":326,"column":34}},"207":{"start":{"line":328,"column":8},"end":{"line":328,"column":23}},"208":{"start":{"line":331,"column":22},"end":{"line":331,"column":24}},"209":{"start":{"line":332,"column":18},"end":{"line":332,"column":31}},"210":{"start":{"line":333,"column":19},"end":{"line":333,"column":40}},"211":{"start":{"line":334,"column":8},"end":{"line":338,"column":9}},"212":{"start":{"line":335,"column":12},"end":{"line":337,"column":13}},"213":{"start":{"line":336,"column":16},"end":{"line":336,"column":35}},"214":{"start":{"line":339,"column":8},"end":{"line":339,"column":23}},"215":{"start":{"line":342,"column":22},"end":{"line":342,"column":24}},"216":{"start":{"line":343,"column":24},"end":{"line":343,"column":36}},"217":{"start":{"line":344,"column":8},"end":{"line":346,"column":9}},"218":{"start":{"line":345,"column":12},"end":{"line":345,"column":72}},"219":{"start":{"line":347,"column":8},"end":{"line":347,"column":23}},"220":{"start":{"line":350,"column":22},"end":{"line":350,"column":24}},"221":{"start":{"line":352,"column":26},"end":{"line":352,"column":38}},"222":{"start":{"line":353,"column":24},"end":{"line":353,"column":49}},"223":{"start":{"line":354,"column":29},"end":{"line":354,"column":47}},"224":{"start":{"line":355,"column":8},"end":{"line":391,"column":9}},"225":{"start":{"line":356,"column":12},"end":{"line":356,"column":40}},"226":{"start":{"line":359,"column":12},"end":{"line":390,"column":13}},"227":{"start":{"line":360,"column":16},"end":{"line":360,"column":76}},"228":{"start":{"line":361,"column":16},"end":{"line":365,"column":17}},"229":{"start":{"line":362,"column":20},"end":{"line":364,"column":21}},"230":{"start":{"line":363,"column":24},"end":{"line":363,"column":43}},"231":{"start":{"line":367,"column":17},"end":{"line":390,"column":13}},"232":{"start":{"line":368,"column":16},"end":{"line":368,"column":51}},"233":{"start":{"line":369,"column":16},"end":{"line":373,"column":17}},"234":{"start":{"line":370,"column":20},"end":{"line":372,"column":21}},"235":{"start":{"line":371,"column":24},"end":{"line":371,"column":43}},"236":{"start":{"line":375,"column":17},"end":{"line":390,"column":13}},"237":{"start":{"line":376,"column":16},"end":{"line":376,"column":76}},"238":{"start":{"line":377,"column":16},"end":{"line":381,"column":17}},"239":{"start":{"line":378,"column":20},"end":{"line":380,"column":21}},"240":{"start":{"line":379,"column":24},"end":{"line":379,"column":43}},"241":{"start":{"line":384,"column":16},"end":{"line":384,"column":38}},"242":{"start":{"line":385,"column":16},"end":{"line":389,"column":17}},"243":{"start":{"line":386,"column":20},"end":{"line":388,"column":21}},"244":{"start":{"line":387,"column":24},"end":{"line":387,"column":43}},"245":{"start":{"line":392,"column":8},"end":{"line":392,"column":23}},"246":{"start":{"line":395,"column":8},"end":{"line":395,"column":85}},"247":{"start":{"line":398,"column":21},"end":{"line":398,"column":49}},"248":{"start":{"line":399,"column":22},"end":{"line":399,"column":50}},"249":{"start":{"line":400,"column":8},"end":{"line":410,"column":9}},"250":{"start":{"line":401,"column":12},"end":{"line":401,"column":25}},"251":{"start":{"line":404,"column":12},"end":{"line":409,"column":13}},"252":{"start":{"line":405,"column":16},"end":{"line":405,"column":29}},"253":{"start":{"line":408,"column":16},"end":{"line":408,"column":28}},"254":{"start":{"line":413,"column":21},"end":{"line":413,"column":49}},"255":{"start":{"line":414,"column":22},"end":{"line":414,"column":50}},"256":{"start":{"line":415,"column":8},"end":{"line":425,"column":9}},"257":{"start":{"line":416,"column":12},"end":{"line":416,"column":25}},"258":{"start":{"line":419,"column":12},"end":{"line":424,"column":13}},"259":{"start":{"line":420,"column":16},"end":{"line":420,"column":29}},"260":{"start":{"line":423,"column":16},"end":{"line":423,"column":28}},"261":{"start":{"line":428,"column":8},"end":{"line":428,"column":55}},"262":{"start":{"line":431,"column":24},"end":{"line":431,"column":42}},"263":{"start":{"line":432,"column":8},"end":{"line":453,"column":9}},"264":{"start":{"line":433,"column":12},"end":{"line":433,"column":25}},"265":{"start":{"line":436,"column":12},"end":{"line":452,"column":13}},"266":{"start":{"line":437,"column":16},"end":{"line":451,"column":17}},"267":{"start":{"line":438,"column":20},"end":{"line":438,"column":33}},"268":{"start":{"line":441,"column":20},"end":{"line":450,"column":21}},"269":{"start":{"line":442,"column":24},"end":{"line":444,"column":25}},"270":{"start":{"line":443,"column":28},"end":{"line":443,"column":41}},"271":{"start":{"line":447,"column":24},"end":{"line":449,"column":25}},"272":{"start":{"line":448,"column":28},"end":{"line":448,"column":41}},"273":{"start":{"line":454,"column":8},"end":{"line":490,"column":9}},"274":{"start":{"line":455,"column":26},"end":{"line":455,"column":42}},"275":{"start":{"line":456,"column":12},"end":{"line":486,"column":13}},"276":{"start":{"line":457,"column":16},"end":{"line":462,"column":17}},"277":{"start":{"line":458,"column":20},"end":{"line":458,"column":33}},"278":{"start":{"line":461,"column":20},"end":{"line":461,"column":51}},"279":{"start":{"line":465,"column":16},"end":{"line":485,"column":17}},"280":{"start":{"line":466,"column":31},"end":{"line":466,"column":43}},"281":{"start":{"line":467,"column":20},"end":{"line":469,"column":21}},"282":{"start":{"line":468,"column":24},"end":{"line":468,"column":37}},"283":{"start":{"line":470,"column":36},"end":{"line":470,"column":49}},"284":{"start":{"line":471,"column":20},"end":{"line":481,"column":21}},"285":{"start":{"line":472,"column":24},"end":{"line":472,"column":37}},"286":{"start":{"line":475,"column":24},"end":{"line":479,"column":25}},"287":{"start":{"line":476,"column":28},"end":{"line":478,"column":29}},"288":{"start":{"line":477,"column":32},"end":{"line":477,"column":45}},"289":{"start":{"line":480,"column":24},"end":{"line":480,"column":36}},"290":{"start":{"line":484,"column":20},"end":{"line":484,"column":33}},"291":{"start":{"line":489,"column":12},"end":{"line":489,"column":24}},"292":{"start":{"line":493,"column":8},"end":{"line":495,"column":9}},"293":{"start":{"line":494,"column":12},"end":{"line":494,"column":25}},"294":{"start":{"line":496,"column":8},"end":{"line":581,"column":9}},"295":{"start":{"line":497,"column":12},"end":{"line":497,"column":24}},"296":{"start":{"line":499,"column":13},"end":{"line":581,"column":9}},"297":{"start":{"line":500,"column":12},"end":{"line":500,"column":25}},"298":{"start":{"line":503,"column":12},"end":{"line":580,"column":13}},"299":{"start":{"line":506,"column":36},"end":{"line":506,"column":57}},"300":{"start":{"line":507,"column":42},"end":{"line":507,"column":60}},"301":{"start":{"line":508,"column":16},"end":{"line":522,"column":17}},"302":{"start":{"line":509,"column":20},"end":{"line":509,"column":33}},"303":{"start":{"line":511,"column":21},"end":{"line":522,"column":17}},"304":{"start":{"line":512,"column":20},"end":{"line":512,"column":33}},"305":{"start":{"line":515,"column":32},"end":{"line":515,"column":65}},"306":{"start":{"line":516,"column":20},"end":{"line":518,"column":21}},"307":{"start":{"line":517,"column":24},"end":{"line":517,"column":37}},"308":{"start":{"line":519,"column":39},"end":{"line":519,"column":58}},"309":{"start":{"line":520,"column":20},"end":{"line":521,"column":75}},"310":{"start":{"line":524,"column":17},"end":{"line":580,"column":13}},"311":{"start":{"line":525,"column":30},"end":{"line":525,"column":51}},"312":{"start":{"line":526,"column":37},"end":{"line":526,"column":49}},"313":{"start":{"line":527,"column":16},"end":{"line":543,"column":17}},"314":{"start":{"line":528,"column":20},"end":{"line":528,"column":33}},"315":{"start":{"line":530,"column":21},"end":{"line":543,"column":17}},"316":{"start":{"line":531,"column":20},"end":{"line":531,"column":33}},"317":{"start":{"line":534,"column":20},"end":{"line":541,"column":21}},"318":{"start":{"line":535,"column":24},"end":{"line":537,"column":25}},"319":{"start":{"line":536,"column":28},"end":{"line":536,"column":41}},"320":{"start":{"line":538,"column":24},"end":{"line":540,"column":25}},"321":{"start":{"line":539,"column":28},"end":{"line":539,"column":41}},"322":{"start":{"line":542,"column":20},"end":{"line":542,"column":32}},"323":{"start":{"line":545,"column":17},"end":{"line":580,"column":13}},"324":{"start":{"line":546,"column":34},"end":{"line":546,"column":45}},"325":{"start":{"line":547,"column":16},"end":{"line":564,"column":17}},"326":{"start":{"line":548,"column":20},"end":{"line":548,"column":33}},"327":{"start":{"line":550,"column":21},"end":{"line":564,"column":17}},"328":{"start":{"line":551,"column":20},"end":{"line":551,"column":33}},"329":{"start":{"line":553,"column":21},"end":{"line":564,"column":17}},"330":{"start":{"line":554,"column":20},"end":{"line":554,"column":33}},"331":{"start":{"line":557,"column":32},"end":{"line":557,"column":57}},"332":{"start":{"line":558,"column":20},"end":{"line":560,"column":21}},"333":{"start":{"line":559,"column":24},"end":{"line":559,"column":37}},"334":{"start":{"line":561,"column":39},"end":{"line":561,"column":58}},"335":{"start":{"line":562,"column":20},"end":{"line":563,"column":71}},"336":{"start":{"line":566,"column":17},"end":{"line":580,"column":13}},"337":{"start":{"line":567,"column":35},"end":{"line":567,"column":47}},"338":{"start":{"line":568,"column":16},"end":{"line":576,"column":17}},"339":{"start":{"line":569,"column":20},"end":{"line":569,"column":33}},"340":{"start":{"line":571,"column":21},"end":{"line":576,"column":17}},"341":{"start":{"line":572,"column":20},"end":{"line":572,"column":33}},"342":{"start":{"line":575,"column":20},"end":{"line":575,"column":57}},"343":{"start":{"line":579,"column":16},"end":{"line":579,"column":29}},"344":{"start":{"line":584,"column":8},"end":{"line":589,"column":9}},"345":{"start":{"line":585,"column":12},"end":{"line":585,"column":24}},"346":{"start":{"line":588,"column":12},"end":{"line":588,"column":25}},"347":{"start":{"line":592,"column":8},"end":{"line":595,"column":9}},"348":{"start":{"line":594,"column":12},"end":{"line":594,"column":25}},"349":{"start":{"line":596,"column":20},"end":{"line":596,"column":44}},"350":{"start":{"line":597,"column":8},"end":{"line":599,"column":9}},"351":{"start":{"line":598,"column":12},"end":{"line":598,"column":25}},"352":{"start":{"line":600,"column":8},"end":{"line":611,"column":9}},"353":{"start":{"line":601,"column":12},"end":{"line":603,"column":13}},"354":{"start":{"line":602,"column":16},"end":{"line":602,"column":29}},"355":{"start":{"line":604,"column":12},"end":{"line":606,"column":13}},"356":{"start":{"line":605,"column":16},"end":{"line":605,"column":29}},"357":{"start":{"line":607,"column":12},"end":{"line":609,"column":13}},"358":{"start":{"line":608,"column":16},"end":{"line":608,"column":29}},"359":{"start":{"line":610,"column":12},"end":{"line":610,"column":48}},"360":{"start":{"line":612,"column":20},"end":{"line":612,"column":44}},"361":{"start":{"line":613,"column":8},"end":{"line":615,"column":9}},"362":{"start":{"line":614,"column":12},"end":{"line":614,"column":25}},"363":{"start":{"line":616,"column":8},"end":{"line":660,"column":9}},"364":{"start":{"line":617,"column":12},"end":{"line":655,"column":13}},"365":{"start":{"line":618,"column":16},"end":{"line":620,"column":17}},"366":{"start":{"line":619,"column":20},"end":{"line":619,"column":33}},"367":{"start":{"line":621,"column":16},"end":{"line":623,"column":17}},"368":{"start":{"line":622,"column":20},"end":{"line":622,"column":33}},"369":{"start":{"line":624,"column":35},"end":{"line":624,"column":60}},"370":{"start":{"line":625,"column":16},"end":{"line":631,"column":17}},"371":{"start":{"line":626,"column":20},"end":{"line":626,"column":54}},"372":{"start":{"line":627,"column":20},"end":{"line":627,"column":64}},"373":{"start":{"line":630,"column":20},"end":{"line":630,"column":33}},"374":{"start":{"line":632,"column":30},"end":{"line":632,"column":53}},"375":{"start":{"line":633,"column":16},"end":{"line":635,"column":17}},"376":{"start":{"line":634,"column":20},"end":{"line":634,"column":33}},"377":{"start":{"line":636,"column":32},"end":{"line":636,"column":55}},"378":{"start":{"line":637,"column":16},"end":{"line":639,"column":17}},"379":{"start":{"line":638,"column":20},"end":{"line":638,"column":33}},"380":{"start":{"line":640,"column":33},"end":{"line":640,"column":51}},"381":{"start":{"line":641,"column":16},"end":{"line":654,"column":17}},"382":{"start":{"line":642,"column":20},"end":{"line":642,"column":33}},"383":{"start":{"line":645,"column":20},"end":{"line":647,"column":21}},"384":{"start":{"line":646,"column":24},"end":{"line":646,"column":37}},"385":{"start":{"line":648,"column":20},"end":{"line":653,"column":21}},"386":{"start":{"line":649,"column":44},"end":{"line":649,"column":68}},"387":{"start":{"line":650,"column":24},"end":{"line":652,"column":25}},"388":{"start":{"line":651,"column":28},"end":{"line":651,"column":41}},"389":{"start":{"line":656,"column":12},"end":{"line":656,"column":24}},"390":{"start":{"line":659,"column":12},"end":{"line":659,"column":24}},"391":{"start":{"line":663,"column":21},"end":{"line":663,"column":38}},"392":{"start":{"line":664,"column":22},"end":{"line":664,"column":39}},"393":{"start":{"line":665,"column":8},"end":{"line":672,"column":9}},"394":{"start":{"line":666,"column":12},"end":{"line":666,"column":33}},"395":{"start":{"line":669,"column":12},"end":{"line":671,"column":13}},"396":{"start":{"line":670,"column":16},"end":{"line":670,"column":29}},"397":{"start":{"line":673,"column":8},"end":{"line":693,"column":9}},"398":{"start":{"line":674,"column":12},"end":{"line":682,"column":13}},"399":{"start":{"line":675,"column":16},"end":{"line":675,"column":42}},"400":{"start":{"line":677,"column":17},"end":{"line":682,"column":13}},"401":{"start":{"line":678,"column":16},"end":{"line":678,"column":40}},"402":{"start":{"line":681,"column":16},"end":{"line":681,"column":29}},"403":{"start":{"line":684,"column":13},"end":{"line":693,"column":9}},"404":{"start":{"line":685,"column":12},"end":{"line":687,"column":13}},"405":{"start":{"line":686,"column":16},"end":{"line":686,"column":29}},"406":{"start":{"line":690,"column":12},"end":{"line":692,"column":13}},"407":{"start":{"line":691,"column":16},"end":{"line":691,"column":29}},"408":{"start":{"line":694,"column":8},"end":{"line":694,"column":20}},"409":{"start":{"line":697,"column":26},"end":{"line":697,"column":27}},"410":{"start":{"line":698,"column":29},"end":{"line":698,"column":43}},"411":{"start":{"line":699,"column":8},"end":{"line":751,"column":9}},"412":{"start":{"line":700,"column":28},"end":{"line":700,"column":55}},"413":{"start":{"line":701,"column":28},"end":{"line":701,"column":66}},"414":{"start":{"line":702,"column":36},"end":{"line":702,"column":67}},"415":{"start":{"line":703,"column":12},"end":{"line":749,"column":13}},"416":{"start":{"line":705,"column":40},"end":{"line":705,"column":42}},"417":{"start":{"line":706,"column":20},"end":{"line":710,"column":21}},"418":{"start":{"line":707,"column":24},"end":{"line":709,"column":25}},"419":{"start":{"line":708,"column":28},"end":{"line":708,"column":72}},"420":{"start":{"line":711,"column":20},"end":{"line":711,"column":55}},"421":{"start":{"line":712,"column":20},"end":{"line":712,"column":26}},"422":{"start":{"line":714,"column":36},"end":{"line":714,"column":57}},"423":{"start":{"line":715,"column":34},"end":{"line":715,"column":48}},"424":{"start":{"line":716,"column":20},"end":{"line":719,"column":21}},"425":{"start":{"line":717,"column":40},"end":{"line":717,"column":76}},"426":{"start":{"line":718,"column":24},"end":{"line":718,"column":66}},"427":{"start":{"line":720,"column":30},"end":{"line":720,"column":48}},"428":{"start":{"line":721,"column":20},"end":{"line":721,"column":57}},"429":{"start":{"line":722,"column":20},"end":{"line":722,"column":57}},"430":{"start":{"line":723,"column":20},"end":{"line":723,"column":26}},"431":{"start":{"line":725,"column":30},"end":{"line":725,"column":31}},"432":{"start":{"line":726,"column":20},"end":{"line":728,"column":21}},"433":{"start":{"line":727,"column":24},"end":{"line":727,"column":55}},"434":{"start":{"line":729,"column":20},"end":{"line":729,"column":57}},"435":{"start":{"line":730,"column":20},"end":{"line":730,"column":26}},"436":{"start":{"line":732,"column":34},"end":{"line":732,"column":67}},"437":{"start":{"line":733,"column":20},"end":{"line":737,"column":21}},"438":{"start":{"line":734,"column":24},"end":{"line":736,"column":25}},"439":{"start":{"line":735,"column":28},"end":{"line":735,"column":62}},"440":{"start":{"line":738,"column":20},"end":{"line":738,"column":42}},"441":{"start":{"line":739,"column":20},"end":{"line":739,"column":26}},"442":{"start":{"line":741,"column":34},"end":{"line":741,"column":67}},"443":{"start":{"line":742,"column":20},"end":{"line":746,"column":21}},"444":{"start":{"line":743,"column":24},"end":{"line":745,"column":25}},"445":{"start":{"line":744,"column":28},"end":{"line":744,"column":62}},"446":{"start":{"line":747,"column":20},"end":{"line":747,"column":42}},"447":{"start":{"line":748,"column":20},"end":{"line":748,"column":26}},"448":{"start":{"line":750,"column":12},"end":{"line":750,"column":52}},"449":{"start":{"line":752,"column":8},"end":{"line":752,"column":27}},"450":{"start":{"line":755,"column":25},"end":{"line":755,"column":49}},"451":{"start":{"line":756,"column":26},"end":{"line":756,"column":28}},"452":{"start":{"line":757,"column":8},"end":{"line":760,"column":9}},"453":{"start":{"line":758,"column":32},"end":{"line":758,"column":59}},"454":{"start":{"line":759,"column":12},"end":{"line":759,"column":44}},"455":{"start":{"line":761,"column":26},"end":{"line":761,"column":28}},"456":{"start":{"line":762,"column":35},"end":{"line":762,"column":37}},"457":{"start":{"line":763,"column":26},"end":{"line":763,"column":28}},"458":{"start":{"line":764,"column":25},"end":{"line":764,"column":49}},"459":{"start":{"line":765,"column":8},"end":{"line":767,"column":9}},"460":{"start":{"line":766,"column":12},"end":{"line":766,"column":32}},"461":{"start":{"line":768,"column":8},"end":{"line":779,"column":9}},"462":{"start":{"line":769,"column":12},"end":{"line":771,"column":13}},"463":{"start":{"line":770,"column":16},"end":{"line":770,"column":70}},"464":{"start":{"line":772,"column":12},"end":{"line":778,"column":13}},"465":{"start":{"line":773,"column":16},"end":{"line":773,"column":55}},"466":{"start":{"line":774,"column":16},"end":{"line":774,"column":64}},"467":{"start":{"line":777,"column":16},"end":{"line":777,"column":64}},"468":{"start":{"line":780,"column":30},"end":{"line":780,"column":65}},"469":{"start":{"line":781,"column":23},"end":{"line":781,"column":25}},"470":{"start":{"line":782,"column":8},"end":{"line":784,"column":9}},"471":{"start":{"line":783,"column":12},"end":{"line":783,"column":88}},"472":{"start":{"line":785,"column":8},"end":{"line":785,"column":24}},"473":{"start":{"line":788,"column":0},"end":{"line":788,"column":48}}},"fnMap":{"0":{"name":"(anonymous_0)","decl":{"start":{"line":5,"column":1},"end":{"line":5,"column":2}},"loc":{"start":{"line":5,"column":25},"end":{"line":14,"column":1}},"line":5},"1":{"name":"(anonymous_1)","decl":{"start":{"line":16,"column":1},"end":{"line":16,"column":2}},"loc":{"start":{"line":16,"column":25},"end":{"line":30,"column":1}},"line":16},"2":{"name":"(anonymous_2)","decl":{"start":{"line":32,"column":1},"end":{"line":32,"column":2}},"loc":{"start":{"line":32,"column":22},"end":{"line":43,"column":1}},"line":32},"3":{"name":"(anonymous_3)","decl":{"start":{"line":45,"column":1},"end":{"line":45,"column":2}},"loc":{"start":{"line":45,"column":20},"end":{"line":57,"column":1}},"line":45},"4":{"name":"(anonymous_4)","decl":{"start":{"line":59,"column":1},"end":{"line":59,"column":2}},"loc":{"start":{"line":59,"column":26},"end":{"line":63,"column":1}},"line":59},"5":{"name":"(anonymous_5)","decl":{"start":{"line":65,"column":1},"end":{"line":65,"column":2}},"loc":{"start":{"line":65,"column":23},"end":{"line":71,"column":1}},"line":65},"6":{"name":"(anonymous_6)","decl":{"start":{"line":73,"column":1},"end":{"line":73,"column":2}},"loc":{"start":{"line":73,"column":22},"end":{"line":79,"column":1}},"line":73},"7":{"name":"(anonymous_7)","decl":{"start":{"line":81,"column":1},"end":{"line":81,"column":2}},"loc":{"start":{"line":81,"column":22},"end":{"line":87,"column":1}},"line":81},"8":{"name":"(anonymous_8)","decl":{"start":{"line":89,"column":4},"end":{"line":89,"column":5}},"loc":{"start":{"line":89,"column":20},"end":{"line":97,"column":5}},"line":89},"9":{"name":"(anonymous_9)","decl":{"start":{"line":98,"column":4},"end":{"line":98,"column":5}},"loc":{"start":{"line":98,"column":29},"end":{"line":145,"column":5}},"line":98},"10":{"name":"(anonymous_10)","decl":{"start":{"line":146,"column":4},"end":{"line":146,"column":5}},"loc":{"start":{"line":146,"column":33},"end":{"line":166,"column":5}},"line":146},"11":{"name":"(anonymous_11)","decl":{"start":{"line":167,"column":4},"end":{"line":167,"column":5}},"loc":{"start":{"line":167,"column":40},"end":{"line":189,"column":5}},"line":167},"12":{"name":"(anonymous_12)","decl":{"start":{"line":190,"column":4},"end":{"line":190,"column":5}},"loc":{"start":{"line":190,"column":33},"end":{"line":203,"column":5}},"line":190},"13":{"name":"(anonymous_13)","decl":{"start":{"line":191,"column":24},"end":{"line":191,"column":25}},"loc":{"start":{"line":191,"column":40},"end":{"line":201,"column":9}},"line":191},"14":{"name":"(anonymous_14)","decl":{"start":{"line":204,"column":4},"end":{"line":204,"column":5}},"loc":{"start":{"line":204,"column":41},"end":{"line":238,"column":5}},"line":204},"15":{"name":"(anonymous_15)","decl":{"start":{"line":209,"column":32},"end":{"line":209,"column":33}},"loc":{"start":{"line":209,"column":42},"end":{"line":219,"column":17}},"line":209},"16":{"name":"(anonymous_16)","decl":{"start":{"line":224,"column":32},"end":{"line":224,"column":33}},"loc":{"start":{"line":224,"column":42},"end":{"line":234,"column":17}},"line":224},"17":{"name":"(anonymous_17)","decl":{"start":{"line":239,"column":4},"end":{"line":239,"column":5}},"loc":{"start":{"line":239,"column":23},"end":{"line":262,"column":5}},"line":239},"18":{"name":"(anonymous_18)","decl":{"start":{"line":263,"column":4},"end":{"line":263,"column":5}},"loc":{"start":{"line":263,"column":29},"end":{"line":294,"column":5}},"line":263},"19":{"name":"(anonymous_19)","decl":{"start":{"line":295,"column":4},"end":{"line":295,"column":5}},"loc":{"start":{"line":295,"column":22},"end":{"line":302,"column":5}},"line":295},"20":{"name":"(anonymous_20)","decl":{"start":{"line":303,"column":4},"end":{"line":303,"column":5}},"loc":{"start":{"line":303,"column":27},"end":{"line":315,"column":5}},"line":303},"21":{"name":"(anonymous_21)","decl":{"start":{"line":316,"column":4},"end":{"line":316,"column":5}},"loc":{"start":{"line":316,"column":20},"end":{"line":329,"column":5}},"line":316},"22":{"name":"(anonymous_22)","decl":{"start":{"line":330,"column":4},"end":{"line":330,"column":5}},"loc":{"start":{"line":330,"column":27},"end":{"line":340,"column":5}},"line":330},"23":{"name":"(anonymous_23)","decl":{"start":{"line":341,"column":4},"end":{"line":341,"column":5}},"loc":{"start":{"line":341,"column":21},"end":{"line":348,"column":5}},"line":341},"24":{"name":"(anonymous_24)","decl":{"start":{"line":349,"column":4},"end":{"line":349,"column":5}},"loc":{"start":{"line":349,"column":21},"end":{"line":393,"column":5}},"line":349},"25":{"name":"(anonymous_25)","decl":{"start":{"line":394,"column":4},"end":{"line":394,"column":5}},"loc":{"start":{"line":394,"column":17},"end":{"line":396,"column":5}},"line":394},"26":{"name":"(anonymous_26)","decl":{"start":{"line":397,"column":4},"end":{"line":397,"column":5}},"loc":{"start":{"line":397,"column":32},"end":{"line":411,"column":5}},"line":397},"27":{"name":"(anonymous_27)","decl":{"start":{"line":412,"column":4},"end":{"line":412,"column":5}},"loc":{"start":{"line":412,"column":32},"end":{"line":426,"column":5}},"line":412},"28":{"name":"(anonymous_28)","decl":{"start":{"line":427,"column":4},"end":{"line":427,"column":5}},"loc":{"start":{"line":427,"column":35},"end":{"line":429,"column":5}},"line":427},"29":{"name":"(anonymous_29)","decl":{"start":{"line":430,"column":4},"end":{"line":430,"column":5}},"loc":{"start":{"line":430,"column":30},"end":{"line":491,"column":5}},"line":430},"30":{"name":"(anonymous_30)","decl":{"start":{"line":492,"column":4},"end":{"line":492,"column":5}},"loc":{"start":{"line":492,"column":24},"end":{"line":582,"column":5}},"line":492},"31":{"name":"(anonymous_31)","decl":{"start":{"line":583,"column":4},"end":{"line":583,"column":5}},"loc":{"start":{"line":583,"column":21},"end":{"line":590,"column":5}},"line":583},"32":{"name":"(anonymous_32)","decl":{"start":{"line":591,"column":4},"end":{"line":591,"column":5}},"loc":{"start":{"line":591,"column":44},"end":{"line":661,"column":5}},"line":591},"33":{"name":"(anonymous_33)","decl":{"start":{"line":662,"column":4},"end":{"line":662,"column":5}},"loc":{"start":{"line":662,"column":25},"end":{"line":695,"column":5}},"line":662},"34":{"name":"(anonymous_34)","decl":{"start":{"line":696,"column":4},"end":{"line":696,"column":5}},"loc":{"start":{"line":696,"column":44},"end":{"line":753,"column":5}},"line":696},"35":{"name":"(anonymous_35)","decl":{"start":{"line":754,"column":4},"end":{"line":754,"column":5}},"loc":{"start":{"line":754,"column":51},"end":{"line":786,"column":5}},"line":754}},"branchMap":{"0":{"loc":{"start":{"line":14,"column":3},"end":{"line":14,"column":38}},"type":"binary-expr","locations":[{"start":{"line":14,"column":3},"end":{"line":14,"column":15}},{"start":{"line":14,"column":20},"end":{"line":14,"column":37}}],"line":14},"1":{"loc":{"start":{"line":30,"column":3},"end":{"line":30,"column":38}},"type":"binary-expr","locations":[{"start":{"line":30,"column":3},"end":{"line":30,"column":15}},{"start":{"line":30,"column":20},"end":{"line":30,"column":37}}],"line":30},"2":{"loc":{"start":{"line":43,"column":3},"end":{"line":43,"column":32}},"type":"binary-expr","locations":[{"start":{"line":43,"column":3},"end":{"line":43,"column":12}},{"start":{"line":43,"column":17},"end":{"line":43,"column":31}}],"line":43},"3":{"loc":{"start":{"line":57,"column":3},"end":{"line":57,"column":28}},"type":"binary-expr","locations":[{"start":{"line":57,"column":3},"end":{"line":57,"column":10}},{"start":{"line":57,"column":15},"end":{"line":57,"column":27}}],"line":57},"4":{"loc":{"start":{"line":63,"column":3},"end":{"line":63,"column":40}},"type":"binary-expr","locations":[{"start":{"line":63,"column":3},"end":{"line":63,"column":16}},{"start":{"line":63,"column":21},"end":{"line":63,"column":39}}],"line":63},"5":{"loc":{"start":{"line":71,"column":3},"end":{"line":71,"column":34}},"type":"binary-expr","locations":[{"start":{"line":71,"column":3},"end":{"line":71,"column":13}},{"start":{"line":71,"column":18},"end":{"line":71,"column":33}}],"line":71},"6":{"loc":{"start":{"line":79,"column":3},"end":{"line":79,"column":32}},"type":"binary-expr","locations":[{"start":{"line":79,"column":3},"end":{"line":79,"column":12}},{"start":{"line":79,"column":17},"end":{"line":79,"column":31}}],"line":79},"7":{"loc":{"start":{"line":87,"column":3},"end":{"line":87,"column":32}},"type":"binary-expr","locations":[{"start":{"line":87,"column":3},"end":{"line":87,"column":12}},{"start":{"line":87,"column":17},"end":{"line":87,"column":31}}],"line":87},"8":{"loc":{"start":{"line":100,"column":12},"end":{"line":102,"column":13}},"type":"if","locations":[{"start":{"line":100,"column":12},"end":{"line":102,"column":13}},{"start":{"line":100,"column":12},"end":{"line":102,"column":13}}],"line":100},"9":{"loc":{"start":{"line":100,"column":18},"end":{"line":100,"column":82}},"type":"binary-expr","locations":[{"start":{"line":100,"column":18},"end":{"line":100,"column":47}},{"start":{"line":100,"column":51},"end":{"line":100,"column":82}}],"line":100},"10":{"loc":{"start":{"line":106,"column":16},"end":{"line":108,"column":17}},"type":"if","locations":[{"start":{"line":106,"column":16},"end":{"line":108,"column":17}},{"start":{"line":106,"column":16},"end":{"line":108,"column":17}}],"line":106},"11":{"loc":{"start":{"line":106,"column":22},"end":{"line":106,"column":87}},"type":"binary-expr","locations":[{"start":{"line":106,"column":22},"end":{"line":106,"column":37}},{"start":{"line":106,"column":41},"end":{"line":106,"column":58}},{"start":{"line":106,"column":62},"end":{"line":106,"column":87}}],"line":106},"12":{"loc":{"start":{"line":110,"column":12},"end":{"line":119,"column":13}},"type":"if","locations":[{"start":{"line":110,"column":12},"end":{"line":119,"column":13}},{"start":{"line":110,"column":12},"end":{"line":119,"column":13}}],"line":110},"13":{"loc":{"start":{"line":113,"column":16},"end":{"line":115,"column":17}},"type":"if","locations":[{"start":{"line":113,"column":16},"end":{"line":115,"column":17}},{"start":{"line":113,"column":16},"end":{"line":115,"column":17}}],"line":113},"14":{"loc":{"start":{"line":116,"column":16},"end":{"line":118,"column":17}},"type":"if","locations":[{"start":{"line":116,"column":16},"end":{"line":118,"column":17}},{"start":{"line":116,"column":16},"end":{"line":118,"column":17}}],"line":116},"15":{"loc":{"start":{"line":120,"column":12},"end":{"line":122,"column":13}},"type":"if","locations":[{"start":{"line":120,"column":12},"end":{"line":122,"column":13}},{"start":{"line":120,"column":12},"end":{"line":122,"column":13}}],"line":120},"16":{"loc":{"start":{"line":123,"column":12},"end":{"line":140,"column":13}},"type":"if","locations":[{"start":{"line":123,"column":12},"end":{"line":140,"column":13}},{"start":{"line":123,"column":12},"end":{"line":140,"column":13}}],"line":123},"17":{"loc":{"start":{"line":123,"column":16},"end":{"line":125,"column":50}},"type":"binary-expr","locations":[{"start":{"line":123,"column":16},"end":{"line":123,"column":49}},{"start":{"line":124,"column":16},"end":{"line":124,"column":47}},{"start":{"line":125,"column":16},"end":{"line":125,"column":50}}],"line":123},"18":{"loc":{"start":{"line":130,"column":20},"end":{"line":132,"column":21}},"type":"if","locations":[{"start":{"line":130,"column":20},"end":{"line":132,"column":21}},{"start":{"line":130,"column":20},"end":{"line":132,"column":21}}],"line":130},"19":{"loc":{"start":{"line":130,"column":26},"end":{"line":130,"column":64}},"type":"binary-expr","locations":[{"start":{"line":130,"column":26},"end":{"line":130,"column":44}},{"start":{"line":130,"column":48},"end":{"line":130,"column":64}}],"line":130},"20":{"loc":{"start":{"line":134,"column":16},"end":{"line":139,"column":17}},"type":"if","locations":[{"start":{"line":134,"column":16},"end":{"line":139,"column":17}},{"start":{"line":134,"column":16},"end":{"line":139,"column":17}}],"line":134},"21":{"loc":{"start":{"line":152,"column":12},"end":{"line":154,"column":13}},"type":"if","locations":[{"start":{"line":152,"column":12},"end":{"line":154,"column":13}},{"start":{"line":152,"column":12},"end":{"line":154,"column":13}}],"line":152},"22":{"loc":{"start":{"line":156,"column":12},"end":{"line":161,"column":13}},"type":"if","locations":[{"start":{"line":156,"column":12},"end":{"line":161,"column":13}},{"start":{"line":156,"column":12},"end":{"line":161,"column":13}}],"line":156},"23":{"loc":{"start":{"line":175,"column":16},"end":{"line":177,"column":17}},"type":"if","locations":[{"start":{"line":175,"column":16},"end":{"line":177,"column":17}},{"start":{"line":175,"column":16},"end":{"line":177,"column":17}}],"line":175},"24":{"loc":{"start":{"line":180,"column":8},"end":{"line":187,"column":9}},"type":"if","locations":[{"start":{"line":180,"column":8},"end":{"line":187,"column":9}},{"start":{"line":180,"column":8},"end":{"line":187,"column":9}}],"line":180},"25":{"loc":{"start":{"line":181,"column":12},"end":{"line":186,"column":13}},"type":"if","locations":[{"start":{"line":181,"column":12},"end":{"line":186,"column":13}},{"start":{"line":181,"column":12},"end":{"line":186,"column":13}}],"line":181},"26":{"loc":{"start":{"line":192,"column":12},"end":{"line":200,"column":13}},"type":"if","locations":[{"start":{"line":192,"column":12},"end":{"line":200,"column":13}},{"start":{"line":192,"column":12},"end":{"line":200,"column":13}}],"line":192},"27":{"loc":{"start":{"line":195,"column":17},"end":{"line":200,"column":13}},"type":"if","locations":[{"start":{"line":195,"column":17},"end":{"line":200,"column":13}},{"start":{"line":195,"column":17},"end":{"line":200,"column":13}}],"line":195},"28":{"loc":{"start":{"line":207,"column":8},"end":{"line":236,"column":9}},"type":"if","locations":[{"start":{"line":207,"column":8},"end":{"line":236,"column":9}},{"start":{"line":207,"column":8},"end":{"line":236,"column":9}}],"line":207},"29":{"loc":{"start":{"line":210,"column":20},"end":{"line":218,"column":21}},"type":"if","locations":[{"start":{"line":210,"column":20},"end":{"line":218,"column":21}},{"start":{"line":210,"column":20},"end":{"line":218,"column":21}}],"line":210},"30":{"loc":{"start":{"line":213,"column":25},"end":{"line":218,"column":21}},"type":"if","locations":[{"start":{"line":213,"column":25},"end":{"line":218,"column":21}},{"start":{"line":213,"column":25},"end":{"line":218,"column":21}}],"line":213},"31":{"loc":{"start":{"line":225,"column":20},"end":{"line":233,"column":21}},"type":"if","locations":[{"start":{"line":225,"column":20},"end":{"line":233,"column":21}},{"start":{"line":225,"column":20},"end":{"line":233,"column":21}}],"line":225},"32":{"loc":{"start":{"line":228,"column":25},"end":{"line":233,"column":21}},"type":"if","locations":[{"start":{"line":228,"column":25},"end":{"line":233,"column":21}},{"start":{"line":228,"column":25},"end":{"line":233,"column":21}}],"line":228},"33":{"loc":{"start":{"line":241,"column":8},"end":{"line":260,"column":9}},"type":"if","locations":[{"start":{"line":241,"column":8},"end":{"line":260,"column":9}},{"start":{"line":241,"column":8},"end":{"line":260,"column":9}}],"line":241},"34":{"loc":{"start":{"line":244,"column":13},"end":{"line":260,"column":9}},"type":"if","locations":[{"start":{"line":244,"column":13},"end":{"line":260,"column":9}},{"start":{"line":244,"column":13},"end":{"line":260,"column":9}}],"line":244},"35":{"loc":{"start":{"line":244,"column":17},"end":{"line":246,"column":41}},"type":"binary-expr","locations":[{"start":{"line":244,"column":17},"end":{"line":244,"column":43}},{"start":{"line":245,"column":15},"end":{"line":245,"column":41}},{"start":{"line":246,"column":15},"end":{"line":246,"column":41}}],"line":244},"36":{"loc":{"start":{"line":249,"column":13},"end":{"line":260,"column":9}},"type":"if","locations":[{"start":{"line":249,"column":13},"end":{"line":260,"column":9}},{"start":{"line":249,"column":13},"end":{"line":260,"column":9}}],"line":249},"37":{"loc":{"start":{"line":252,"column":13},"end":{"line":260,"column":9}},"type":"if","locations":[{"start":{"line":252,"column":13},"end":{"line":260,"column":9}},{"start":{"line":252,"column":13},"end":{"line":260,"column":9}}],"line":252},"38":{"loc":{"start":{"line":255,"column":13},"end":{"line":260,"column":9}},"type":"if","locations":[{"start":{"line":255,"column":13},"end":{"line":260,"column":9}},{"start":{"line":255,"column":13},"end":{"line":260,"column":9}}],"line":255},"39":{"loc":{"start":{"line":270,"column":8},"end":{"line":292,"column":9}},"type":"switch","locations":[{"start":{"line":271,"column":12},"end":{"line":277,"column":22}},{"start":{"line":278,"column":12},"end":{"line":284,"column":22}},{"start":{"line":285,"column":12},"end":{"line":291,"column":22}}],"line":270},"40":{"loc":{"start":{"line":273,"column":20},"end":{"line":275,"column":21}},"type":"if","locations":[{"start":{"line":273,"column":20},"end":{"line":275,"column":21}},{"start":{"line":273,"column":20},"end":{"line":275,"column":21}}],"line":273},"41":{"loc":{"start":{"line":280,"column":20},"end":{"line":282,"column":21}},"type":"if","locations":[{"start":{"line":280,"column":20},"end":{"line":282,"column":21}},{"start":{"line":280,"column":20},"end":{"line":282,"column":21}}],"line":280},"42":{"loc":{"start":{"line":287,"column":20},"end":{"line":289,"column":21}},"type":"if","locations":[{"start":{"line":287,"column":20},"end":{"line":289,"column":21}},{"start":{"line":287,"column":20},"end":{"line":289,"column":21}}],"line":287},"43":{"loc":{"start":{"line":310,"column":12},"end":{"line":312,"column":13}},"type":"if","locations":[{"start":{"line":310,"column":12},"end":{"line":312,"column":13}},{"start":{"line":310,"column":12},"end":{"line":312,"column":13}}],"line":310},"44":{"loc":{"start":{"line":335,"column":12},"end":{"line":337,"column":13}},"type":"if","locations":[{"start":{"line":335,"column":12},"end":{"line":337,"column":13}},{"start":{"line":335,"column":12},"end":{"line":337,"column":13}}],"line":335},"45":{"loc":{"start":{"line":355,"column":8},"end":{"line":391,"column":9}},"type":"if","locations":[{"start":{"line":355,"column":8},"end":{"line":391,"column":9}},{"start":{"line":355,"column":8},"end":{"line":391,"column":9}}],"line":355},"46":{"loc":{"start":{"line":355,"column":12},"end":{"line":355,"column":57}},"type":"binary-expr","locations":[{"start":{"line":355,"column":12},"end":{"line":355,"column":32}},{"start":{"line":355,"column":36},"end":{"line":355,"column":57}}],"line":355},"47":{"loc":{"start":{"line":359,"column":12},"end":{"line":390,"column":13}},"type":"if","locations":[{"start":{"line":359,"column":12},"end":{"line":390,"column":13}},{"start":{"line":359,"column":12},"end":{"line":390,"column":13}}],"line":359},"48":{"loc":{"start":{"line":359,"column":16},"end":{"line":359,"column":74}},"type":"binary-expr","locations":[{"start":{"line":359,"column":16},"end":{"line":359,"column":44}},{"start":{"line":359,"column":48},"end":{"line":359,"column":74}}],"line":359},"49":{"loc":{"start":{"line":362,"column":20},"end":{"line":364,"column":21}},"type":"if","locations":[{"start":{"line":362,"column":20},"end":{"line":364,"column":21}},{"start":{"line":362,"column":20},"end":{"line":364,"column":21}}],"line":362},"50":{"loc":{"start":{"line":367,"column":17},"end":{"line":390,"column":13}},"type":"if","locations":[{"start":{"line":367,"column":17},"end":{"line":390,"column":13}},{"start":{"line":367,"column":17},"end":{"line":390,"column":13}}],"line":367},"51":{"loc":{"start":{"line":367,"column":22},"end":{"line":367,"column":81}},"type":"binary-expr","locations":[{"start":{"line":367,"column":22},"end":{"line":367,"column":50}},{"start":{"line":367,"column":54},"end":{"line":367,"column":81}}],"line":367},"52":{"loc":{"start":{"line":370,"column":20},"end":{"line":372,"column":21}},"type":"if","locations":[{"start":{"line":370,"column":20},"end":{"line":372,"column":21}},{"start":{"line":370,"column":20},"end":{"line":372,"column":21}}],"line":370},"53":{"loc":{"start":{"line":375,"column":17},"end":{"line":390,"column":13}},"type":"if","locations":[{"start":{"line":375,"column":17},"end":{"line":390,"column":13}},{"start":{"line":375,"column":17},"end":{"line":390,"column":13}}],"line":375},"54":{"loc":{"start":{"line":375,"column":22},"end":{"line":375,"column":81}},"type":"binary-expr","locations":[{"start":{"line":375,"column":22},"end":{"line":375,"column":51}},{"start":{"line":375,"column":55},"end":{"line":375,"column":81}}],"line":375},"55":{"loc":{"start":{"line":378,"column":20},"end":{"line":380,"column":21}},"type":"if","locations":[{"start":{"line":378,"column":20},"end":{"line":380,"column":21}},{"start":{"line":378,"column":20},"end":{"line":380,"column":21}}],"line":378},"56":{"loc":{"start":{"line":386,"column":20},"end":{"line":388,"column":21}},"type":"if","locations":[{"start":{"line":386,"column":20},"end":{"line":388,"column":21}},{"start":{"line":386,"column":20},"end":{"line":388,"column":21}}],"line":386},"57":{"loc":{"start":{"line":395,"column":17},"end":{"line":395,"column":83}},"type":"binary-expr","locations":[{"start":{"line":395,"column":17},"end":{"line":395,"column":38}},{"start":{"line":395,"column":42},"end":{"line":395,"column":63}},{"start":{"line":395,"column":67},"end":{"line":395,"column":83}}],"line":395},"58":{"loc":{"start":{"line":400,"column":8},"end":{"line":410,"column":9}},"type":"if","locations":[{"start":{"line":400,"column":8},"end":{"line":410,"column":9}},{"start":{"line":400,"column":8},"end":{"line":410,"column":9}}],"line":400},"59":{"loc":{"start":{"line":404,"column":12},"end":{"line":409,"column":13}},"type":"if","locations":[{"start":{"line":404,"column":12},"end":{"line":409,"column":13}},{"start":{"line":404,"column":12},"end":{"line":409,"column":13}}],"line":404},"60":{"loc":{"start":{"line":415,"column":8},"end":{"line":425,"column":9}},"type":"if","locations":[{"start":{"line":415,"column":8},"end":{"line":425,"column":9}},{"start":{"line":415,"column":8},"end":{"line":425,"column":9}}],"line":415},"61":{"loc":{"start":{"line":419,"column":12},"end":{"line":424,"column":13}},"type":"if","locations":[{"start":{"line":419,"column":12},"end":{"line":424,"column":13}},{"start":{"line":419,"column":12},"end":{"line":424,"column":13}}],"line":419},"62":{"loc":{"start":{"line":432,"column":8},"end":{"line":453,"column":9}},"type":"if","locations":[{"start":{"line":432,"column":8},"end":{"line":453,"column":9}},{"start":{"line":432,"column":8},"end":{"line":453,"column":9}}],"line":432},"63":{"loc":{"start":{"line":432,"column":14},"end":{"line":432,"column":58}},"type":"binary-expr","locations":[{"start":{"line":432,"column":14},"end":{"line":432,"column":36}},{"start":{"line":432,"column":40},"end":{"line":432,"column":58}}],"line":432},"64":{"loc":{"start":{"line":437,"column":16},"end":{"line":451,"column":17}},"type":"if","locations":[{"start":{"line":437,"column":16},"end":{"line":451,"column":17}},{"start":{"line":437,"column":16},"end":{"line":451,"column":17}}],"line":437},"65":{"loc":{"start":{"line":441,"column":20},"end":{"line":450,"column":21}},"type":"if","locations":[{"start":{"line":441,"column":20},"end":{"line":450,"column":21}},{"start":{"line":441,"column":20},"end":{"line":450,"column":21}}],"line":441},"66":{"loc":{"start":{"line":442,"column":24},"end":{"line":444,"column":25}},"type":"if","locations":[{"start":{"line":442,"column":24},"end":{"line":444,"column":25}},{"start":{"line":442,"column":24},"end":{"line":444,"column":25}}],"line":442},"67":{"loc":{"start":{"line":447,"column":24},"end":{"line":449,"column":25}},"type":"if","locations":[{"start":{"line":447,"column":24},"end":{"line":449,"column":25}},{"start":{"line":447,"column":24},"end":{"line":449,"column":25}}],"line":447},"68":{"loc":{"start":{"line":454,"column":8},"end":{"line":490,"column":9}},"type":"if","locations":[{"start":{"line":454,"column":8},"end":{"line":490,"column":9}},{"start":{"line":454,"column":8},"end":{"line":490,"column":9}}],"line":454},"69":{"loc":{"start":{"line":456,"column":12},"end":{"line":486,"column":13}},"type":"if","locations":[{"start":{"line":456,"column":12},"end":{"line":486,"column":13}},{"start":{"line":456,"column":12},"end":{"line":486,"column":13}}],"line":456},"70":{"loc":{"start":{"line":457,"column":16},"end":{"line":462,"column":17}},"type":"if","locations":[{"start":{"line":457,"column":16},"end":{"line":462,"column":17}},{"start":{"line":457,"column":16},"end":{"line":462,"column":17}}],"line":457},"71":{"loc":{"start":{"line":465,"column":16},"end":{"line":485,"column":17}},"type":"if","locations":[{"start":{"line":465,"column":16},"end":{"line":485,"column":17}},{"start":{"line":465,"column":16},"end":{"line":485,"column":17}}],"line":465},"72":{"loc":{"start":{"line":465,"column":20},"end":{"line":465,"column":114}},"type":"binary-expr","locations":[{"start":{"line":465,"column":20},"end":{"line":465,"column":51}},{"start":{"line":465,"column":55},"end":{"line":465,"column":82}},{"start":{"line":465,"column":86},"end":{"line":465,"column":114}}],"line":465},"73":{"loc":{"start":{"line":467,"column":20},"end":{"line":469,"column":21}},"type":"if","locations":[{"start":{"line":467,"column":20},"end":{"line":469,"column":21}},{"start":{"line":467,"column":20},"end":{"line":469,"column":21}}],"line":467},"74":{"loc":{"start":{"line":467,"column":24},"end":{"line":467,"column":56}},"type":"binary-expr","locations":[{"start":{"line":467,"column":24},"end":{"line":467,"column":37}},{"start":{"line":467,"column":41},"end":{"line":467,"column":56}}],"line":467},"75":{"loc":{"start":{"line":471,"column":20},"end":{"line":481,"column":21}},"type":"if","locations":[{"start":{"line":471,"column":20},"end":{"line":481,"column":21}},{"start":{"line":471,"column":20},"end":{"line":481,"column":21}}],"line":471},"76":{"loc":{"start":{"line":471,"column":26},"end":{"line":471,"column":74}},"type":"binary-expr","locations":[{"start":{"line":471,"column":26},"end":{"line":471,"column":50}},{"start":{"line":471,"column":54},"end":{"line":471,"column":74}}],"line":471},"77":{"loc":{"start":{"line":476,"column":28},"end":{"line":478,"column":29}},"type":"if","locations":[{"start":{"line":476,"column":28},"end":{"line":478,"column":29}},{"st
[...]
column":20},"end":{"line":355,"column":57}},"155":{"start":{"line":356,"column":20},"end":{"line":356,"column":42}},"156":{"start":{"line":359,"column":20},"end":{"line":359,"column":77}},"157":{"start":{"line":360,"column":20},"end":{"line":362,"column":21}},"158":{"start":{"line":361,"column":24},"end":{"line":361,"column":46}},"159":{"start":{"line":365,"column":12},"end":{"line":365,"column":34}},"160":{"start":{"line":369,"column":8},"end":{"line":397,"column":11}},"161":{"start":{"line":370,"column":25},"end":{"line":370,"column":49}},"162":{"start":{"line":371,"column":25},"end":{"line":371,"column":40}},"163":{"start":{"line":372,"column":25},"end":{"line":372,"column":116}},"164":{"start":{"line":373,"column":12},"end":{"line":396,"column":15}},"165":{"start":{"line":374,"column":16},"end":{"line":374,"column":45}},"166":{"start":{"line":375,"column":35},"end":{"line":375,"column":37}},"167":{"start":{"line":376,"column":16},"end":{"line":378,"column":19}},"168":{"start":{"line":377,"column":20},"end":{"line":377,"column":42}},"169":{"start":{"line":379,"column":16},"end":{"line":395,"column":19}},"170":{"start":{"line":380,"column":20},"end":{"line":394,"column":21}},"171":{"start":{"line":381,"column":44},"end":{"line":381,"column":68}},"172":{"start":{"line":382,"column":24},"end":{"line":389,"column":25}},"173":{"start":{"line":383,"column":28},"end":{"line":383,"column":106}},"174":{"start":{"line":386,"column":28},"end":{"line":386,"column":67}},"175":{"start":{"line":387,"column":28},"end":{"line":387,"column":67}},"176":{"start":{"line":388,"column":28},"end":{"line":388,"column":49}},"177":{"start":{"line":392,"column":24},"end":{"line":392,"column":88}},"178":{"start":{"line":393,"column":24},"end":{"line":393,"column":36}},"179":{"start":{"line":400,"column":0},"end":{"line":400,"column":38}}},"fnMap":{"0":{"name":"(anonymous_0)","decl":{"start":{"line":2,"column":44},"end":{"line":2,"column":45}},"loc":{"start":{"line":2,"column":89},"end":{"line":9,"column":1}},"line":2},"1":{"name":"(anonymous_1)","decl":{"start":{"line":3,"column":36},"end":{"line":3,"column":37}},"loc":{"start":{"line":3,"column":63},"end":{"line":8,"column":5}},"line":3},"2":{"name":"fulfilled","decl":{"start":{"line":4,"column":17},"end":{"line":4,"column":26}},"loc":{"start":{"line":4,"column":34},"end":{"line":4,"column":99}},"line":4},"3":{"name":"rejected","decl":{"start":{"line":5,"column":17},"end":{"line":5,"column":25}},"loc":{"start":{"line":5,"column":33},"end":{"line":5,"column":102}},"line":5},"4":{"name":"step","decl":{"start":{"line":6,"column":17},"end":{"line":6,"column":21}},"loc":{"start":{"line":6,"column":30},"end":{"line":6,"column":151}},"line":6},"5":{"name":"(anonymous_5)","decl":{"start":{"line":6,"column":76},"end":{"line":6,"column":77}},"loc":{"start":{"line":6,"column":95},"end":{"line":6,"column":121}},"line":6},"6":{"name":"(anonymous_6)","decl":{"start":{"line":15,"column":4},"end":{"line":15,"column":5}},"loc":{"start":{"line":15,"column":18},"end":{"line":15,"column":21}},"line":15},"7":{"name":"(anonymous_7)","decl":{"start":{"line":16,"column":4},"end":{"line":16,"column":5}},"loc":{"start":{"line":16,"column":59},"end":{"line":102,"column":5}},"line":16},"8":{"name":"(anonymous_8)","decl":{"start":{"line":17,"column":27},"end":{"line":17,"column":28}},"loc":{"start":{"line":17,"column":48},"end":{"line":101,"column":9}},"line":17},"9":{"name":"(anonymous_9)","decl":{"start":{"line":21,"column":62},"end":{"line":21,"column":63}},"loc":{"start":{"line":21,"column":81},"end":{"line":97,"column":13}},"line":21},"10":{"name":"(anonymous_10)","decl":{"start":{"line":23,"column":60},"end":{"line":23,"column":61}},"loc":{"start":{"line":23,"column":84},"end":{"line":31,"column":21}},"line":23},"11":{"name":"(anonymous_11)","decl":{"start":{"line":37,"column":46},"end":{"line":37,"column":47}},"loc":{"start":{"line":37,"column":59},"end":{"line":96,"column":17}},"line":37},"12":{"name":"(anonymous_12)","decl":{"start":{"line":84,"column":47},"end":{"line":84,"column":48}},"loc":{"start":{"line":84,"column":53},"end":{"line":90,"column":29}},"line":84},"13":{"name":"(anonymous_13)","decl":{"start":{"line":97,"column":21},"end":{"line":97,"column":22}},"loc":{"start":{"line":97,"column":28},"end":{"line":100,"column":13}},"line":97},"14":{"name":"(anonymous_14)","decl":{"start":{"line":103,"column":4},"end":{"line":103,"column":5}},"loc":{"start":{"line":103,"column":57},"end":{"line":346,"column":5}},"line":103},"15":{"name":"(anonymous_15)","decl":{"start":{"line":104,"column":27},"end":{"line":104,"column":28}},"loc":{"start":{"line":104,"column":48},"end":{"line":345,"column":9}},"line":104},"16":{"name":"(anonymous_16)","decl":{"start":{"line":110,"column":62},"end":{"line":110,"column":63}},"loc":{"start":{"line":110,"column":81},"end":{"line":341,"column":13}},"line":110},"17":{"name":"(anonymous_17)","decl":{"start":{"line":111,"column":67},"end":{"line":111,"column":68}},"loc":{"start":{"line":111,"column":78},"end":{"line":338,"column":17}},"line":111},"18":{"name":"setGeo","decl":{"start":{"line":156,"column":37},"end":{"line":156,"column":43}},"loc":{"start":{"line":156,"column":46},"end":{"line":163,"column":29}},"line":156},"19":{"name":"(anonymous_19)","decl":{"start":{"line":157,"column":71},"end":{"line":157,"column":72}},"loc":{"start":{"line":157,"column":84},"end":{"line":162,"column":33}},"line":157},"20":{"name":"(anonymous_20)","decl":{"start":{"line":159,"column":80},"end":{"line":159,"column":81}},"loc":{"start":{"line":159,"column":87},"end":{"line":160,"column":41}},"line":159},"21":{"name":"(anonymous_21)","decl":{"start":{"line":164,"column":42},"end":{"line":164,"column":43}},"loc":{"start":{"line":164,"column":48},"end":{"line":330,"column":29}},"line":164},"22":{"name":"(anonymous_22)","decl":{"start":{"line":170,"column":64},"end":{"line":170,"column":65}},"loc":{"start":{"line":170,"column":80},"end":{"line":304,"column":41}},"line":170},"23":{"name":"(anonymous_23)","decl":{"start":{"line":306,"column":50},"end":{"line":306,"column":51}},"loc":{"start":{"line":306,"column":62},"end":{"line":325,"column":41}},"line":306},"24":{"name":"(anonymous_24)","decl":{"start":{"line":313,"column":71},"end":{"line":313,"column":72}},"loc":{"start":{"line":313,"column":77},"end":{"line":319,"column":53}},"line":313},"25":{"name":"(anonymous_25)","decl":{"start":{"line":330,"column":37},"end":{"line":330,"column":38}},"loc":{"start":{"line":330,"column":43},"end":{"line":332,"column":29}},"line":330},"26":{"name":"(anonymous_26)","decl":{"start":{"line":338,"column":25},"end":{"line":338,"column":26}},"loc":{"start":{"line":338,"column":31},"end":{"line":340,"column":17}},"line":338},"27":{"name":"(anonymous_27)","decl":{"start":{"line":341,"column":21},"end":{"line":341,"column":22}},"loc":{"start":{"line":341,"column":28},"end":{"line":344,"column":13}},"line":341},"28":{"name":"(anonymous_28)","decl":{"start":{"line":347,"column":4},"end":{"line":347,"column":5}},"loc":{"start":{"line":347,"column":25},"end":{"line":367,"column":5}},"line":347},"29":{"name":"(anonymous_29)","decl":{"start":{"line":368,"column":4},"end":{"line":368,"column":5}},"loc":{"start":{"line":368,"column":23},"end":{"line":398,"column":5}},"line":368},"30":{"name":"(anonymous_30)","decl":{"start":{"line":369,"column":27},"end":{"line":369,"column":28}},"loc":{"start":{"line":369,"column":48},"end":{"line":397,"column":9}},"line":369},"31":{"name":"(anonymous_31)","decl":{"start":{"line":373,"column":27},"end":{"line":373,"column":28}},"loc":{"start":{"line":373,"column":41},"end":{"line":396,"column":13}},"line":373},"32":{"name":"(anonymous_32)","decl":{"start":{"line":376,"column":36},"end":{"line":376,"column":37}},"loc":{"start":{"line":376,"column":47},"end":{"line":378,"column":17}},"line":376},"33":{"name":"(anonymous_33)","decl":{"start":{"line":379,"column":35},"end":{"line":379,"column":36}},"loc":{"start":{"line":379,"column":41},"end":{"line":395,"column":17}},"line":379}},"branchMap":{"0":{"loc":{"start":{"line":2,"column":16},"end":{"line":9,"column":1}},"type":"binary-expr","locations":[{"start":{"line":2,"column":17},"end":{"line":2,"column":21}},{"start":{"line":2,"column":25},"end":{"line":2,"column":39}},{"start":{"line":2,"column":44},"end":{"line":9,"column":1}}],"line":2},"1":{"loc":{"start":{"line":3,"column":16},"end":{"line":3,"column":34}},"type":"binary-expr","locations":[{"start":{"line":3,"column":16},"end":{"line":3,"column":17}},{"start":{"line":3,"column":22},"end":{"line":3,"column":33}}],"line":3},"2":{"loc":{"start":{"line":6,"column":32},"end":{"line":6,"column":148}},"type":"cond-expr","locations":[{"start":{"line":6,"column":46},"end":{"line":6,"column":67}},{"start":{"line":6,"column":70},"end":{"line":6,"column":148}}],"line":6},"3":{"loc":{"start":{"line":7,"column":51},"end":{"line":7,"column":67}},"type":"binary-expr","locations":[{"start":{"line":7,"column":51},"end":{"line":7,"column":61}},{"start":{"line":7,"column":65},"end":{"line":7,"column":67}}],"line":7},"4":{"loc":{"start":{"line":43,"column":48},"end":{"line":44,"column":72}},"type":"cond-expr","locations":[{"start":{"line":43,"column":81},"end":{"line":43,"column":85}},{"start":{"line":44,"column":42},"end":{"line":44,"column":72}}],"line":43},"5":{"loc":{"start":{"line":45,"column":36},"end":{"line":68,"column":37}},"type":"if","locations":[{"start":{"line":45,"column":36},"end":{"line":68,"column":37}},{"start":{"line":45,"column":36},"end":{"line":68,"column":37}}],"line":45},"6":{"loc":{"start":{"line":45,"column":40},"end":{"line":54,"column":64}},"type":"binary-expr","locations":[{"start":{"line":45,"column":40},"end":{"line":45,"column":79}},{"start":{"line":46,"column":40},"end":{"line":46,"column":78}},{"start":{"line":47,"column":40},"end":{"line":47,"column":75}},{"start":{"line":48,"column":40},"end":{"line":48,"column":81}},{"start":{"line":49,"column":40},"end":{"line":49,"column":77}},{"start":{"line":50,"column":40},"end":{"line":50,"column":76}},{"start":{"line":51,"column":40},"end":{"line":51,"column":76}},{"start":{"line":52,"column":40},"end":{"line":52,"column":77}},{"start":{"line":53,"column":40},"end":{"line":53,"column":85}},{"start":{"line":54,"column":40},"end":{"line":54,"column":64}}],"line":45},"7":{"loc":{"start":{"line":77,"column":20},"end":{"line":95,"column":21}},"type":"if","locations":[{"start":{"line":77,"column":20},"end":{"line":95,"column":21}},{"start":{"line":77,"column":20},"end":{"line":95,"column":21}}],"line":77},"8":{"loc":{"start":{"line":115,"column":24},"end":{"line":333,"column":25}},"type":"if","locations":[{"start":{"line":115,"column":24},"end":{"line":333,"column":25}},{"start":{"line":115,"column":24},"end":{"line":333,"column":25}}],"line":115},"9":{"loc":{"start":{"line":117,"column":32},"end":{"line":154,"column":33}},"type":"if","locations":[{"start":{"line":117,"column":32},"end":{"line":154,"column":33}},{"start":{"line":117,"column":32},"end":{"line":154,"column":33}}],"line":117},"10":{"loc":{"start":{"line":119,"column":36},"end":{"line":153,"column":37}},"type":"if","locations":[{"start":{"line":119,"column":36},"end":{"line":153,"column":37}},{"start":{"line":119,"column":36},"end":{"line":153,"column":37}}],"line":119},"11":{"loc":{"start":{"line":130,"column":44},"end":{"line":150,"column":45}},"type":"if","locations":[{"start":{"line":130,"column":44},"end":{"line":150,"column":45}},{"start":{"line":130,"column":44},"end":{"line":150,"column":45}}],"line":130},"12":{"loc":{"start":{"line":130,"column":48},"end":{"line":130,"column":110}},"type":"binary-expr","locations":[{"start":{"line":130,"column":48},"end":{"line":130,"column":73}},{"start":{"line":130,"column":77},"end":{"line":130,"column":110}}],"line":130},"13":{"loc":{"start":{"line":131,"column":48},"end":{"line":149,"column":49}},"type":"if","locations":[{"start":{"line":131,"column":48},"end":{"line":149,"column":49}},{"start":{"line":131,"column":48},"end":{"line":149,"column":49}}],"line":131},"14":{"loc":{"start":{"line":132,"column":52},"end":{"line":136,"column":53}},"type":"if","locations":[{"start":{"line":132,"column":52},"end":{"line":136,"column":53}},{"start":{"line":132,"column":52},"end":{"line":136,"column":53}}],"line":132},"15":{"loc":{"start":{"line":137,"column":52},"end":{"line":141,"column":53}},"type":"if","locations":[{"start":{"line":137,"column":52},"end":{"line":141,"column":53}},{"start":{"line":137,"column":52},"end":{"line":141,"column":53}}],"line":137},"16":{"loc":{"start":{"line":142,"column":52},"end":{"line":148,"column":53}},"type":"if","locations":[{"start":{"line":142,"column":52},"end":{"line":148,"column":53}},{"start":{"line":142,"column":52},"end":{"line":148,"column":53}}],"line":142},"17":{"loc":{"start":{"line":178,"column":48},"end":{"line":300,"column":49}},"type":"if","locations":[{"start":{"line":178,"column":48},"end":{"line":300,"column":49}},{"start":{"line":178,"column":48},"end":{"line":300,"column":49}}],"line":178},"18":{"loc":{"start":{"line":200,"column":60},"end":{"line":295,"column":61}},"type":"if","locations":[{"start":{"line":200,"column":60},"end":{"line":295,"column":61}},{"start":{"line":200,"column":60},"end":{"line":295,"column":61}}],"line":200},"19":{"loc":{"start":{"line":202,"column":64},"end":{"line":245,"column":65}},"type":"if","locations":[{"start":{"line":202,"column":64},"end":{"line":245,"column":65}},{"start":{"line":202,"column":64},"end":{"line":245,"column":65}}],"line":202},"20":{"loc":{"start":{"line":204,"column":72},"end":{"line":243,"column":73}},"type":"if","locations":[{"start":{"line":204,"column":72},"end":{"line":243,"column":73}},{"start":{"line":204,"column":72},"end":{"line":243,"column":73}}],"line":204},"21":{"loc":{"start":{"line":204,"column":76},"end":{"line":205,"column":104}},"type":"binary-expr","locations":[{"start":{"line":204,"column":76},"end":{"line":204,"column":96}},{"start":{"line":205,"column":76},"end":{"line":205,"column":104}}],"line":204},"22":{"loc":{"start":{"line":207,"column":76},"end":{"line":214,"column":77}},"type":"if","locations":[{"start":{"line":207,"column":76},"end":{"line":214,"column":77}},{"start":{"line":207,"column":76},"end":{"line":214,"column":77}}],"line":207},"23":{"loc":{"start":{"line":215,"column":76},"end":{"line":221,"column":77}},"type":"if","locations":[{"start":{"line":215,"column":76},"end":{"line":221,"column":77}},{"start":{"line":215,"column":76},"end":{"line":221,"column":77}}],"line":215},"24":{"loc":{"start":{"line":222,"column":76},"end":{"line":227,"column":77}},"type":"if","locations":[{"start":{"line":222,"column":76},"end":{"line":227,"column":77}},{"start":{"line":222,"column":76},"end":{"line":227,"column":77}}],"line":222},"25":{"loc":{"start":{"line":228,"column":76},"end":{"line":235,"column":77}},"type":"if","locations":[{"start":{"line":228,"column":76},"end":{"line":235,"column":77}},{"start":{"line":228,"column":76},"end":{"line":235,"column":77}}],"line":228},"26":{"loc":{"start":{"line":236,"column":76},"end":{"line":242,"column":77}},"type":"if","locations":[{"start":{"line":236,"column":76},"end":{"line":242,"column":77}},{"start":{"line":236,"column":76},"end":{"line":242,"column":77}}],"line":236},"27":{"loc":{"start":{"line":262,"column":64},"end":{"line":294,"column":65}},"type":"if","locations":[{"start":{"line":262,"column":64},"end":{"line":294,"column":65}},{"start":{"line":262,"column":64},"end":{"line":294,"column":65}}],"line":262},"28":{"loc":{"start":{"line":262,"column":68},"end":{"line":279,"column":110}},"type":"binary-expr","locations":[{"start":{"line":262,"column":68},"end":{"line":263,"column":76}},{"start":{"line":264,"column":68},"end":{"line":265,"column":80}},{"start":{"line":266,"column":71},"end":{"line":267,"column":80}},{"start":{"line":268,"column":68},"end":{"line":269,"column":84}},{"start":{"line":270,"column":68},"end":{"line":271,"column":80}},{"start":{"line":272,"column":68},"end":{"line":272,"column":109}},{"start":{"line":273,"column":68},"end":{"line":273,"column":109}},{"start":{"line":274,"column":68},"end":{"line":274,"column":111}},{"start":{"line":275,"column":68},"end":{"line":276,"column":84}},{"start":{"line":277,"column":68},"end":{"line":278,"column":84}},{"start":{"line":279,"column":68},"end":{"line":279,"column":110}}],"line":262},"29":{"loc":{"start":{"line":307,"column":44},"end":{"line":324,"column":45}},"type":"if","locations":[{"start":{"line":307,"column":44},"end":{"line":324,"column":45}},{"start":{"line":307,"column":44},"end":{"line":324,"column":45}}],"line":307},"30":{"loc":{"start":{"line":349,"column":8},"end":{"line":366,"column":9}},"type":"if","locations":[{"start":{"line":349,"column":8},"end":{"line":366,"column":9}},{"start":{"line":349,"column":8},"end":{"line":366,"column":9}}],"line":349},"31":{"loc":{"start":{"line":354,"column":16},"end":{"line":363,"column":17}},"type":"if","locations":[{"start":{"line":354,"column":16},"end":{"line":363,"column":17}},{"start":{"line":354,"column":16},"end":{"line":363,"column":17}}],"line":354},"32":{"loc":{"start":{"line":360,"column":20},"end":{"line":362,"column":21}},"type":"if","locations":[{"start":{"line":360,"column":20},"end":{"line":362,"column":21}},{"start":{"line":360,"column":20},"end":{"line":362,"column":21}}],"line":360},"33":{"loc":{"start":{"line":382,"column":24},"end":{"line":389,"column":25}},"type":"if","locations":[{"start":{"line":382,"column":24},"end":{"line":389,"column":25}},{"start":{"line":382,"column":24},"end":{"line":389,"column":25}}],"line":382}},"s":{"0":1,"1":1,"2":0,"3":0,"4":0,"5":0,"6":0,"7":0,"8":0,"9":0,"10":1,"11":1,"12":1,"13":1,"14":1,"15":18,"16":18,"17":18,"18":18,"19":18,"20":17,"21":17,"22":11938,"23":11938,"24":0,"25":0,"26":0,"27":0,"28":17,"29":17,"30":11938,"31":11938,"32":11935,"33":129799,"34":129799,"35":129799,"36":129795,"37":129795,"38":17,"39":10,"40":10,"41":7,"42":7,"43":7,"44":7,"45":7,"46":7,"47":7,"48":7,"49":0,"50":1,"51":1,"52":2,"53":2,"54":2,"55":2,"56":2,"57":2,"58":2,"59":2,"60":1,"61":1,"62":1,"63":1,"64":1,"65":149,"66":74,"67":74,"68":74,"69":74,"70":74,"71":814,"72":370,"73":370,"74":74,"75":74,"76":370,"77":74,"78":370,"79":0,"80":0,"81":74,"82":1,"83":1,"84":1,"85":1,"86":0,"87":0,"88":0,"89":0,"90":0,"91":0,"92":0,"93":0,"94":0,"95":0,"96":0,"97":0,"98":0,"99":0,"100":0,"101":0,"102":0,"103":0,"104":0,"105":0,"106":0,"107":0,"108":0,"109":0,"110":0,"111":0,"112":0,"113":0,"114":0,"115":0,"116":0,"117":0,"118":0,"119":0,"120":0,"121":0,"122":0,"123":0,"124":0,"125":0,"126":0,"127":0,"128":0,"129":0,"130":0,"131":0,"132":0,"133":0,"134":0,"135":0,"136":0,"137":0,"138":0,"139":0,"140":0,"141":0,"142":0,"143":0,"144":1,"145":0,"146":0,"147":1,"148":1,"149":1001,"150":1001,"151":499,"152":502,"153":1001,"154":1,"155":1,"156":1000,"157":1000,"158":9,"159":492,"160":0,"161":0,"162":0,"163":0,"164":0,"165":0,"166":0,"167":0,"168":0,"169":0,"170":0,"171":0,"172":0,"173":0,"174":0,"175":0,"176":0,"177":0,"178":0,"179":1},"f":{"0":1,"1":1,"2":0,"3":0,"4":0,"5":0,"6":22,"7":18,"8":18,"9":17,"10":11938,"11":17,"12":7,"13":1,"14":2,"15":2,"16":2,"17":1,"18":1,"19":1,"20":0,"21":0,"22":0,"23":0,"24":0,"25":1,"26":0,"27":1,"28":1001,"29":0,"30":0,"31":0,"32":0,"33":0},"b":{"0":[1,1,1],"1":[1,1],"2":[0,0],"3":[1,1],"4":[0,129799],"5":[129795,4],"6":[129799,129799,129799,129799,129799,129797,129795,129795,129795,129795],"7":[10,7],"8":[1,0],"9":[74,75],"10":[74,0],"11":[370,444],"12":[814,370],"13":[370,0],"14":[74,296],"15":[74,296],"16":[0,370],"17":[0,0],"18":[0,0],"19":[0,0],"20":[0,0],"21":[0,0],"22":[0,0],"23":[0,0],"24":[0,0],"25":[0,0],"26":[0,0],"27":[0,0],"28":[0,0,0,0,0,0,0,0,0,0,0],"29":[0,0],"30":[499,502],"31":[1,1000],"32":[9,991],"33":[0,0]},"_coverageSchema":"332fd63041d2c1bcb487cc26dd0d5f7d97098a6c","hash":"8b53416616c4e4f35ae1ca07f9553ba0d281bc4c","contentHash":"a6b35c25764ef6f49ded00fab87e66ee_11.3.0"}}